{"D:\\DS CP\\backend\\src\\config\\database.js": {"path":"D:\\DS CP\\backend\\src\\config\\database.js","statementMap":{"0":{"start":{"line":18,"column":0},"end":{"line":18,"column":16}},"1":{"start":{"line":23,"column":17},"end":{"line":34,"column":1}},"2":{"start":{"line":39,"column":21},"end":{"line":44,"column":1}},"3":{"start":{"line":49,"column":11},"end":{"line":49,"column":15}},"4":{"start":{"line":57,"column":16},"end":{"line":57,"column":93}},"5":{"start":{"line":58,"column":2},"end":{"line":58,"column":48}},"6":{"start":{"line":67,"column":2},"end":{"line":67,"column":57}},"7":{"start":{"line":67,"column":32},"end":{"line":67,"column":55}},"8":{"start":{"line":85,"column":2},"end":{"line":114,"column":3}},"9":{"start":{"line":86,"column":4},"end":{"line":86,"column":110}},"10":{"start":{"line":88,"column":20},"end":{"line":88,"column":46}},"11":{"start":{"line":91,"column":23},"end":{"line":91,"column":52}},"12":{"start":{"line":92,"column":4},"end":{"line":92,"column":28}},"13":{"start":{"line":93,"column":4},"end":{"line":93,"column":25}},"14":{"start":{"line":95,"column":4},"end":{"line":95,"column":67}},"15":{"start":{"line":96,"column":4},"end":{"line":96,"column":98}},"16":{"start":{"line":98,"column":4},"end":{"line":98,"column":19}},"17":{"start":{"line":100,"column":4},"end":{"line":100,"column":89}},"18":{"start":{"line":103,"column":4},"end":{"line":106,"column":5}},"19":{"start":{"line":104,"column":6},"end":{"line":104,"column":81}},"20":{"start":{"line":105,"column":6},"end":{"line":105,"column":112}},"21":{"start":{"line":109,"column":18},"end":{"line":109,"column":48}},"22":{"start":{"line":110,"column":4},"end":{"line":110,"column":69}},"23":{"start":{"line":111,"column":4},"end":{"line":111,"column":23}},"24":{"start":{"line":113,"column":4},"end":{"line":113,"column":35}},"25":{"start":{"line":131,"column":2},"end":{"line":134,"column":3}},"26":{"start":{"line":132,"column":4},"end":{"line":132,"column":66}},"27":{"start":{"line":133,"column":4},"end":{"line":133,"column":16}},"28":{"start":{"line":136,"column":2},"end":{"line":151,"column":3}},"29":{"start":{"line":137,"column":4},"end":{"line":137,"column":30}},"30":{"start":{"line":140,"column":4},"end":{"line":145,"column":7}},"31":{"start":{"line":141,"column":6},"end":{"line":141,"column":59}},"32":{"start":{"line":142,"column":6},"end":{"line":144,"column":7}},"33":{"start":{"line":143,"column":8},"end":{"line":143,"column":97}},"34":{"start":{"line":147,"column":4},"end":{"line":147,"column":16}},"35":{"start":{"line":149,"column":4},"end":{"line":149,"column":78}},"36":{"start":{"line":150,"column":4},"end":{"line":150,"column":16}},"37":{"start":{"line":166,"column":2},"end":{"line":168,"column":3}},"38":{"start":{"line":167,"column":4},"end":{"line":167,"column":87}},"39":{"start":{"line":169,"column":2},"end":{"line":169,"column":14}},"40":{"start":{"line":187,"column":2},"end":{"line":210,"column":3}},"41":{"start":{"line":188,"column":24},"end":{"line":188,"column":33}},"42":{"start":{"line":189,"column":19},"end":{"line":189,"column":57}},"43":{"start":{"line":190,"column":4},"end":{"line":190,"column":16}},"44":{"start":{"line":192,"column":4},"end":{"line":192,"column":96}},"45":{"start":{"line":196,"column":6},"end":{"line":199,"column":35}},"46":{"start":{"line":201,"column":4},"end":{"line":206,"column":5}},"47":{"start":{"line":202,"column":20},"end":{"line":202,"column":50}},"48":{"start":{"line":203,"column":6},"end":{"line":203,"column":77}},"49":{"start":{"line":204,"column":6},"end":{"line":204,"column":25}},"50":{"start":{"line":205,"column":6},"end":{"line":205,"column":52}},"51":{"start":{"line":209,"column":4},"end":{"line":209,"column":16}},"52":{"start":{"line":226,"column":2},"end":{"line":260,"column":3}},"53":{"start":{"line":227,"column":4},"end":{"line":233,"column":5}},"54":{"start":{"line":228,"column":6},"end":{"line":232,"column":8}},"55":{"start":{"line":235,"column":23},"end":{"line":235,"column":49}},"56":{"start":{"line":236,"column":22},"end":{"line":236,"column":32}},"57":{"start":{"line":237,"column":4},"end":{"line":237,"column":28}},"58":{"start":{"line":238,"column":25},"end":{"line":238,"column":47}},"59":{"start":{"line":239,"column":4},"end":{"line":239,"column":25}},"60":{"start":{"line":241,"column":4},"end":{"line":251,"column":6}},"61":{"start":{"line":253,"column":4},"end":{"line":253,"column":68}},"62":{"start":{"line":254,"column":4},"end":{"line":259,"column":6}},"63":{"start":{"line":272,"column":2},"end":{"line":282,"column":3}},"64":{"start":{"line":273,"column":4},"end":{"line":281,"column":5}},"65":{"start":{"line":274,"column":6},"end":{"line":274,"column":59}},"66":{"start":{"line":275,"column":6},"end":{"line":275,"column":23}},"67":{"start":{"line":276,"column":6},"end":{"line":276,"column":18}},"68":{"start":{"line":277,"column":6},"end":{"line":277,"column":68}},"69":{"start":{"line":279,"column":6},"end":{"line":279,"column":69}},"70":{"start":{"line":280,"column":6},"end":{"line":280,"column":18}},"71":{"start":{"line":293,"column":21},"end":{"line":293,"column":52}},"72":{"start":{"line":294,"column":2},"end":{"line":294,"column":38}},"73":{"start":{"line":295,"column":2},"end":{"line":295,"column":20}},"74":{"start":{"line":307,"column":2},"end":{"line":311,"column":3}},"75":{"start":{"line":308,"column":4},"end":{"line":308,"column":30}},"76":{"start":{"line":310,"column":4},"end":{"line":310,"column":25}},"77":{"start":{"line":326,"column":2},"end":{"line":330,"column":3}},"78":{"start":{"line":327,"column":4},"end":{"line":327,"column":32}},"79":{"start":{"line":329,"column":4},"end":{"line":329,"column":25}},"80":{"start":{"line":337,"column":2},"end":{"line":343,"column":4}}},"fnMap":{"0":{"name":"calculateBackoffDelay","decl":{"start":{"line":56,"column":9},"end":{"line":56,"column":30}},"loc":{"start":{"line":56,"column":40},"end":{"line":59,"column":1}},"line":56},"1":{"name":"sleep","decl":{"start":{"line":66,"column":9},"end":{"line":66,"column":14}},"loc":{"start":{"line":66,"column":19},"end":{"line":68,"column":1}},"line":66},"2":{"name":"(anonymous_2)","decl":{"start":{"line":67,"column":21},"end":{"line":67,"column":22}},"loc":{"start":{"line":67,"column":32},"end":{"line":67,"column":55}},"line":67},"3":{"name":"createPool","decl":{"start":{"line":84,"column":15},"end":{"line":84,"column":25}},"loc":{"start":{"line":84,"column":39},"end":{"line":115,"column":1}},"line":84},"4":{"name":"initializeDatabase","decl":{"start":{"line":130,"column":22},"end":{"line":130,"column":40}},"loc":{"start":{"line":130,"column":43},"end":{"line":152,"column":1}},"line":130},"5":{"name":"(anonymous_5)","decl":{"start":{"line":140,"column":21},"end":{"line":140,"column":22}},"loc":{"start":{"line":140,"column":30},"end":{"line":145,"column":5}},"line":140},"6":{"name":"getPool","decl":{"start":{"line":165,"column":16},"end":{"line":165,"column":23}},"loc":{"start":{"line":165,"column":26},"end":{"line":170,"column":1}},"line":165},"7":{"name":"executeQuery","decl":{"start":{"line":186,"column":22},"end":{"line":186,"column":34}},"loc":{"start":{"line":186,"column":66},"end":{"line":211,"column":1}},"line":186},"8":{"name":"checkHealth","decl":{"start":{"line":225,"column":22},"end":{"line":225,"column":33}},"loc":{"start":{"line":225,"column":36},"end":{"line":261,"column":1}},"line":225},"9":{"name":"closeDatabase","decl":{"start":{"line":271,"column":22},"end":{"line":271,"column":35}},"loc":{"start":{"line":271,"column":38},"end":{"line":283,"column":1}},"line":271},"10":{"name":"beginTransaction","decl":{"start":{"line":292,"column":22},"end":{"line":292,"column":38}},"loc":{"start":{"line":292,"column":41},"end":{"line":296,"column":1}},"line":292},"11":{"name":"commitTransaction","decl":{"start":{"line":306,"column":22},"end":{"line":306,"column":39}},"loc":{"start":{"line":306,"column":52},"end":{"line":312,"column":1}},"line":306},"12":{"name":"rollbackTransaction","decl":{"start":{"line":325,"column":22},"end":{"line":325,"column":41}},"loc":{"start":{"line":325,"column":54},"end":{"line":331,"column":1}},"line":325},"13":{"name":"getDatabaseConfig","decl":{"start":{"line":336,"column":16},"end":{"line":336,"column":33}},"loc":{"start":{"line":336,"column":36},"end":{"line":344,"column":1}},"line":336}},"branchMap":{"0":{"loc":{"start":{"line":24,"column":8},"end":{"line":24,"column":42}},"type":"binary-expr","locations":[{"start":{"line":24,"column":8},"end":{"line":24,"column":27}},{"start":{"line":24,"column":31},"end":{"line":24,"column":42}}],"line":24},"1":{"loc":{"start":{"line":25,"column":8},"end":{"line":25,"column":37}},"type":"binary-expr","locations":[{"start":{"line":25,"column":8},"end":{"line":25,"column":27}},{"start":{"line":25,"column":31},"end":{"line":25,"column":37}}],"line":25},"2":{"loc":{"start":{"line":26,"column":12},"end":{"line":26,"column":41}},"type":"binary-expr","locations":[{"start":{"line":26,"column":12},"end":{"line":26,"column":35}},{"start":{"line":26,"column":39},"end":{"line":26,"column":41}}],"line":26},"3":{"loc":{"start":{"line":27,"column":12},"end":{"line":27,"column":50}},"type":"binary-expr","locations":[{"start":{"line":27,"column":12},"end":{"line":27,"column":31}},{"start":{"line":27,"column":35},"end":{"line":27,"column":50}}],"line":27},"4":{"loc":{"start":{"line":28,"column":17},"end":{"line":28,"column":46}},"type":"binary-expr","locations":[{"start":{"line":28,"column":17},"end":{"line":28,"column":36}},{"start":{"line":28,"column":40},"end":{"line":28,"column":46}}],"line":28},"5":{"loc":{"start":{"line":84,"column":26},"end":{"line":84,"column":37}},"type":"default-arg","locations":[{"start":{"line":84,"column":36},"end":{"line":84,"column":37}}],"line":84},"6":{"loc":{"start":{"line":103,"column":4},"end":{"line":106,"column":5}},"type":"if","locations":[{"start":{"line":103,"column":4},"end":{"line":106,"column":5}},{"start":{},"end":{}}],"line":103},"7":{"loc":{"start":{"line":131,"column":2},"end":{"line":134,"column":3}},"type":"if","locations":[{"start":{"line":131,"column":2},"end":{"line":134,"column":3}},{"start":{},"end":{}}],"line":131},"8":{"loc":{"start":{"line":142,"column":6},"end":{"line":144,"column":7}},"type":"if","locations":[{"start":{"line":142,"column":6},"end":{"line":144,"column":7}},{"start":{},"end":{}}],"line":142},"9":{"loc":{"start":{"line":142,"column":10},"end":{"line":142,"column":78}},"type":"binary-expr","locations":[{"start":{"line":142,"column":10},"end":{"line":142,"column":49}},{"start":{"line":142,"column":53},"end":{"line":142,"column":78}}],"line":142},"10":{"loc":{"start":{"line":166,"column":2},"end":{"line":168,"column":3}},"type":"if","locations":[{"start":{"line":166,"column":2},"end":{"line":168,"column":3}},{"start":{},"end":{}}],"line":166},"11":{"loc":{"start":{"line":186,"column":40},"end":{"line":186,"column":51}},"type":"default-arg","locations":[{"start":{"line":186,"column":49},"end":{"line":186,"column":51}}],"line":186},"12":{"loc":{"start":{"line":186,"column":53},"end":{"line":186,"column":64}},"type":"default-arg","locations":[{"start":{"line":186,"column":63},"end":{"line":186,"column":64}}],"line":186},"13":{"loc":{"start":{"line":196,"column":6},"end":{"line":199,"column":35}},"type":"binary-expr","locations":[{"start":{"line":196,"column":6},"end":{"line":196,"column":47}},{"start":{"line":197,"column":6},"end":{"line":197,"column":33}},{"start":{"line":198,"column":6},"end":{"line":198,"column":32}},{"start":{"line":199,"column":6},"end":{"line":199,"column":35}}],"line":196},"14":{"loc":{"start":{"line":201,"column":4},"end":{"line":206,"column":5}},"type":"if","locations":[{"start":{"line":201,"column":4},"end":{"line":206,"column":5}},{"start":{},"end":{}}],"line":201},"15":{"loc":{"start":{"line":201,"column":8},"end":{"line":201,"column":40}},"type":"binary-expr","locations":[{"start":{"line":201,"column":8},"end":{"line":201,"column":25}},{"start":{"line":201,"column":29},"end":{"line":201,"column":40}}],"line":201},"16":{"loc":{"start":{"line":227,"column":4},"end":{"line":233,"column":5}},"type":"if","locations":[{"start":{"line":227,"column":4},"end":{"line":233,"column":5}},{"start":{},"end":{}}],"line":227},"17":{"loc":{"start":{"line":272,"column":2},"end":{"line":282,"column":3}},"type":"if","locations":[{"start":{"line":272,"column":2},"end":{"line":282,"column":3}},{"start":{},"end":{}}],"line":272}},"s":{"0":0,"1":0,"2":0,"3":0,"4":0,"5":0,"6":0,"7":0,"8":0,"9":0,"10":0,"11":0,"12":0,"13":0,"14":0,"15":0,"16":0,"17":0,"18":0,"19":0,"20":0,"21":0,"22":0,"23":0,"24":0,"25":0,"26":0,"27":0,"28":0,"29":0,"30":0,"31":0,"32":0,"33":0,"34":0,"35":0,"36":0,"37":0,"38":0,"39":0,"40":0,"41":0,"42":0,"43":0,"44":0,"45":0,"46":0,"47":0,"48":0,"49":0,"50":0,"51":0,"52":0,"53":0,"54":0,"55":0,"56":0,"57":0,"58":0,"59":0,"60":0,"61":0,"62":0,"63":0,"64":0,"65":0,"66":0,"67":0,"68":0,"69":0,"70":0,"71":0,"72":0,"73":0,"74":0,"75":0,"76":0,"77":0,"78":0,"79":0,"80":0},"f":{"0":0,"1":0,"2":0,"3":0,"4":0,"5":0,"6":0,"7":0,"8":0,"9":0,"10":0,"11":0,"12":0,"13":0},"b":{"0":[0,0],"1":[0,0],"2":[0,0],"3":[0,0],"4":[0,0],"5":[0],"6":[0,0],"7":[0,0],"8":[0,0],"9":[0,0],"10":[0,0],"11":[0],"12":[0],"13":[0,0,0,0],"14":[0,0],"15":[0,0],"16":[0,0],"17":[0,0]},"inputSourceMap":null}
,"D:\\DS CP\\backend\\src\\data-structures\\AlertQueue.js": {"path":"D:\\DS CP\\backend\\src\\data-structures\\AlertQueue.js","statementMap":{"0":{"start":{"line":19,"column":4},"end":{"line":19,"column":36}},"1":{"start":{"line":20,"column":4},"end":{"line":20,"column":19}},"2":{"start":{"line":21,"column":4},"end":{"line":21,"column":19}},"3":{"start":{"line":22,"column":4},"end":{"line":22,"column":27}},"4":{"start":{"line":23,"column":4},"end":{"line":23,"column":19}},"5":{"start":{"line":36,"column":4},"end":{"line":38,"column":5}},"6":{"start":{"line":37,"column":6},"end":{"line":37,"column":19}},"7":{"start":{"line":41,"column":4},"end":{"line":41,"column":47}},"8":{"start":{"line":42,"column":4},"end":{"line":42,"column":34}},"9":{"start":{"line":43,"column":4},"end":{"line":43,"column":17}},"10":{"start":{"line":45,"column":4},"end":{"line":45,"column":16}},"11":{"start":{"line":58,"column":4},"end":{"line":60,"column":5}},"12":{"start":{"line":59,"column":6},"end":{"line":59,"column":18}},"13":{"start":{"line":62,"column":18},"end":{"line":62,"column":40}},"14":{"start":{"line":63,"column":4},"end":{"line":63,"column":34}},"15":{"start":{"line":64,"column":4},"end":{"line":64,"column":49}},"16":{"start":{"line":65,"column":4},"end":{"line":65,"column":17}},"17":{"start":{"line":67,"column":4},"end":{"line":67,"column":17}},"18":{"start":{"line":79,"column":4},"end":{"line":81,"column":5}},"19":{"start":{"line":80,"column":6},"end":{"line":80,"column":18}},"20":{"start":{"line":83,"column":4},"end":{"line":83,"column":34}},"21":{"start":{"line":96,"column":4},"end":{"line":98,"column":5}},"22":{"start":{"line":97,"column":6},"end":{"line":97,"column":16}},"23":{"start":{"line":100,"column":19},"end":{"line":100,"column":21}},"24":{"start":{"line":101,"column":16},"end":{"line":101,"column":26}},"25":{"start":{"line":102,"column":16},"end":{"line":102,"column":17}},"26":{"start":{"line":105,"column":4},"end":{"line":112,"column":5}},"27":{"start":{"line":106,"column":20},"end":{"line":106,"column":37}},"28":{"start":{"line":107,"column":6},"end":{"line":109,"column":7}},"29":{"start":{"line":108,"column":8},"end":{"line":108,"column":27}},"30":{"start":{"line":110,"column":6},"end":{"line":110,"column":41}},"31":{"start":{"line":111,"column":6},"end":{"line":111,"column":14}},"32":{"start":{"line":114,"column":4},"end":{"line":114,"column":18}},"33":{"start":{"line":128,"column":4},"end":{"line":130,"column":5}},"34":{"start":{"line":129,"column":6},"end":{"line":129,"column":16}},"35":{"start":{"line":132,"column":19},"end":{"line":132,"column":21}},"36":{"start":{"line":133,"column":16},"end":{"line":133,"column":26}},"37":{"start":{"line":134,"column":16},"end":{"line":134,"column":17}},"38":{"start":{"line":136,"column":4},"end":{"line":143,"column":5}},"39":{"start":{"line":137,"column":20},"end":{"line":137,"column":37}},"40":{"start":{"line":138,"column":6},"end":{"line":140,"column":7}},"41":{"start":{"line":139,"column":8},"end":{"line":139,"column":27}},"42":{"start":{"line":141,"column":6},"end":{"line":141,"column":41}},"43":{"start":{"line":142,"column":6},"end":{"line":142,"column":14}},"44":{"start":{"line":145,"column":4},"end":{"line":145,"column":18}},"45":{"start":{"line":159,"column":4},"end":{"line":161,"column":5}},"46":{"start":{"line":160,"column":6},"end":{"line":160,"column":16}},"47":{"start":{"line":163,"column":19},"end":{"line":163,"column":21}},"48":{"start":{"line":164,"column":16},"end":{"line":164,"column":26}},"49":{"start":{"line":165,"column":16},"end":{"line":165,"column":17}},"50":{"start":{"line":167,"column":4},"end":{"line":174,"column":5}},"51":{"start":{"line":168,"column":20},"end":{"line":168,"column":37}},"52":{"start":{"line":169,"column":6},"end":{"line":171,"column":7}},"53":{"start":{"line":170,"column":8},"end":{"line":170,"column":27}},"54":{"start":{"line":172,"column":6},"end":{"line":172,"column":41}},"55":{"start":{"line":173,"column":6},"end":{"line":173,"column":14}},"56":{"start":{"line":176,"column":4},"end":{"line":176,"column":18}},"57":{"start":{"line":190,"column":4},"end":{"line":192,"column":5}},"58":{"start":{"line":191,"column":6},"end":{"line":191,"column":19}},"59":{"start":{"line":194,"column":16},"end":{"line":194,"column":26}},"60":{"start":{"line":195,"column":16},"end":{"line":195,"column":17}},"61":{"start":{"line":197,"column":4},"end":{"line":205,"column":5}},"62":{"start":{"line":198,"column":20},"end":{"line":198,"column":37}},"63":{"start":{"line":199,"column":6},"end":{"line":202,"column":7}},"64":{"start":{"line":200,"column":8},"end":{"line":200,"column":28}},"65":{"start":{"line":201,"column":8},"end":{"line":201,"column":20}},"66":{"start":{"line":203,"column":6},"end":{"line":203,"column":41}},"67":{"start":{"line":204,"column":6},"end":{"line":204,"column":14}},"68":{"start":{"line":207,"column":4},"end":{"line":207,"column":17}},"69":{"start":{"line":228,"column":19},"end":{"line":228,"column":21}},"70":{"start":{"line":229,"column":16},"end":{"line":229,"column":26}},"71":{"start":{"line":230,"column":23},"end":{"line":230,"column":52}},"72":{"start":{"line":231,"column":28},"end":{"line":231,"column":81}},"73":{"start":{"line":234,"column":28},"end":{"line":236,"column":5}},"74":{"start":{"line":235,"column":6},"end":{"line":235,"column":52}},"75":{"start":{"line":239,"column":4},"end":{"line":305,"column":5}},"76":{"start":{"line":240,"column":6},"end":{"line":253,"column":9}},"77":{"start":{"line":256,"column":9},"end":{"line":305,"column":5}},"78":{"start":{"line":257,"column":6},"end":{"line":270,"column":9}},"79":{"start":{"line":273,"column":9},"end":{"line":305,"column":5}},"80":{"start":{"line":274,"column":6},"end":{"line":287,"column":9}},"81":{"start":{"line":290,"column":9},"end":{"line":305,"column":5}},"82":{"start":{"line":291,"column":6},"end":{"line":304,"column":9}},"83":{"start":{"line":308,"column":4},"end":{"line":323,"column":5}},"84":{"start":{"line":309,"column":6},"end":{"line":322,"column":9}},"85":{"start":{"line":325,"column":4},"end":{"line":325,"column":18}},"86":{"start":{"line":336,"column":4},"end":{"line":336,"column":28}},"87":{"start":{"line":348,"column":4},"end":{"line":348,"column":39}},"88":{"start":{"line":359,"column":4},"end":{"line":359,"column":22}},"89":{"start":{"line":370,"column":4},"end":{"line":370,"column":41}},"90":{"start":{"line":371,"column":4},"end":{"line":371,"column":19}},"91":{"start":{"line":372,"column":4},"end":{"line":372,"column":19}},"92":{"start":{"line":373,"column":4},"end":{"line":373,"column":19}},"93":{"start":{"line":386,"column":4},"end":{"line":388,"column":5}},"94":{"start":{"line":387,"column":6},"end":{"line":387,"column":16}},"95":{"start":{"line":390,"column":19},"end":{"line":390,"column":21}},"96":{"start":{"line":391,"column":16},"end":{"line":391,"column":26}},"97":{"start":{"line":392,"column":16},"end":{"line":392,"column":17}},"98":{"start":{"line":395,"column":4},"end":{"line":401,"column":5}},"99":{"start":{"line":396,"column":6},"end":{"line":398,"column":7}},"100":{"start":{"line":397,"column":8},"end":{"line":397,"column":39}},"101":{"start":{"line":399,"column":6},"end":{"line":399,"column":41}},"102":{"start":{"line":400,"column":6},"end":{"line":400,"column":14}},"103":{"start":{"line":403,"column":4},"end":{"line":403,"column":18}},"104":{"start":{"line":416,"column":4},"end":{"line":425,"column":6}}},"fnMap":{"0":{"name":"(anonymous_0)","decl":{"start":{"line":18,"column":2},"end":{"line":18,"column":3}},"loc":{"start":{"line":18,"column":30},"end":{"line":24,"column":3}},"line":18},"1":{"name":"(anonymous_1)","decl":{"start":{"line":35,"column":2},"end":{"line":35,"column":3}},"loc":{"start":{"line":35,"column":17},"end":{"line":46,"column":3}},"line":35},"2":{"name":"(anonymous_2)","decl":{"start":{"line":57,"column":2},"end":{"line":57,"column":3}},"loc":{"start":{"line":57,"column":12},"end":{"line":68,"column":3}},"line":57},"3":{"name":"(anonymous_3)","decl":{"start":{"line":78,"column":2},"end":{"line":78,"column":3}},"loc":{"start":{"line":78,"column":9},"end":{"line":84,"column":3}},"line":78},"4":{"name":"(anonymous_4)","decl":{"start":{"line":95,"column":2},"end":{"line":95,"column":3}},"loc":{"start":{"line":95,"column":20},"end":{"line":115,"column":3}},"line":95},"5":{"name":"(anonymous_5)","decl":{"start":{"line":127,"column":2},"end":{"line":127,"column":3}},"loc":{"start":{"line":127,"column":24},"end":{"line":146,"column":3}},"line":127},"6":{"name":"(anonymous_6)","decl":{"start":{"line":158,"column":2},"end":{"line":158,"column":3}},"loc":{"start":{"line":158,"column":32},"end":{"line":177,"column":3}},"line":158},"7":{"name":"(anonymous_7)","decl":{"start":{"line":189,"column":2},"end":{"line":189,"column":3}},"loc":{"start":{"line":189,"column":22},"end":{"line":208,"column":3}},"line":189},"8":{"name":"(anonymous_8)","decl":{"start":{"line":227,"column":2},"end":{"line":227,"column":3}},"loc":{"start":{"line":227,"column":38},"end":{"line":326,"column":3}},"line":227},"9":{"name":"(anonymous_9)","decl":{"start":{"line":234,"column":28},"end":{"line":234,"column":29}},"loc":{"start":{"line":234,"column":38},"end":{"line":236,"column":5}},"line":234},"10":{"name":"(anonymous_10)","decl":{"start":{"line":335,"column":2},"end":{"line":335,"column":3}},"loc":{"start":{"line":335,"column":12},"end":{"line":337,"column":3}},"line":335},"11":{"name":"(anonymous_11)","decl":{"start":{"line":347,"column":2},"end":{"line":347,"column":3}},"loc":{"start":{"line":347,"column":11},"end":{"line":349,"column":3}},"line":347},"12":{"name":"(anonymous_12)","decl":{"start":{"line":358,"column":2},"end":{"line":358,"column":3}},"loc":{"start":{"line":358,"column":9},"end":{"line":360,"column":3}},"line":358},"13":{"name":"(anonymous_13)","decl":{"start":{"line":369,"column":2},"end":{"line":369,"column":3}},"loc":{"start":{"line":369,"column":10},"end":{"line":374,"column":3}},"line":369},"14":{"name":"(anonymous_14)","decl":{"start":{"line":385,"column":2},"end":{"line":385,"column":3}},"loc":{"start":{"line":385,"column":12},"end":{"line":404,"column":3}},"line":385},"15":{"name":"(anonymous_15)","decl":{"start":{"line":415,"column":2},"end":{"line":415,"column":3}},"loc":{"start":{"line":415,"column":22},"end":{"line":426,"column":3}},"line":415}},"branchMap":{"0":{"loc":{"start":{"line":18,"column":14},"end":{"line":18,"column":28}},"type":"default-arg","locations":[{"start":{"line":18,"column":24},"end":{"line":18,"column":28}}],"line":18},"1":{"loc":{"start":{"line":36,"column":4},"end":{"line":38,"column":5}},"type":"if","locations":[{"start":{"line":36,"column":4},"end":{"line":38,"column":5}},{"start":{},"end":{}}],"line":36},"2":{"loc":{"start":{"line":58,"column":4},"end":{"line":60,"column":5}},"type":"if","locations":[{"start":{"line":58,"column":4},"end":{"line":60,"column":5}},{"start":{},"end":{}}],"line":58},"3":{"loc":{"start":{"line":79,"column":4},"end":{"line":81,"column":5}},"type":"if","locations":[{"start":{"line":79,"column":4},"end":{"line":81,"column":5}},{"start":{},"end":{}}],"line":79},"4":{"loc":{"start":{"line":96,"column":4},"end":{"line":98,"column":5}},"type":"if","locations":[{"start":{"line":96,"column":4},"end":{"line":98,"column":5}},{"start":{},"end":{}}],"line":96},"5":{"loc":{"start":{"line":107,"column":6},"end":{"line":109,"column":7}},"type":"if","locations":[{"start":{"line":107,"column":6},"end":{"line":109,"column":7}},{"start":{},"end":{}}],"line":107},"6":{"loc":{"start":{"line":107,"column":10},"end":{"line":107,"column":32}},"type":"binary-expr","locations":[{"start":{"line":107,"column":10},"end":{"line":107,"column":15}},{"start":{"line":107,"column":19},"end":{"line":107,"column":32}}],"line":107},"7":{"loc":{"start":{"line":128,"column":4},"end":{"line":130,"column":5}},"type":"if","locations":[{"start":{"line":128,"column":4},"end":{"line":130,"column":5}},{"start":{},"end":{}}],"line":128},"8":{"loc":{"start":{"line":138,"column":6},"end":{"line":140,"column":7}},"type":"if","locations":[{"start":{"line":138,"column":6},"end":{"line":140,"column":7}},{"start":{},"end":{}}],"line":138},"9":{"loc":{"start":{"line":138,"column":10},"end":{"line":138,"column":38}},"type":"binary-expr","locations":[{"start":{"line":138,"column":10},"end":{"line":138,"column":15}},{"start":{"line":138,"column":19},"end":{"line":138,"column":38}}],"line":138},"10":{"loc":{"start":{"line":159,"column":4},"end":{"line":161,"column":5}},"type":"if","locations":[{"start":{"line":159,"column":4},"end":{"line":161,"column":5}},{"start":{},"end":{}}],"line":159},"11":{"loc":{"start":{"line":169,"column":6},"end":{"line":171,"column":7}},"type":"if","locations":[{"start":{"line":169,"column":6},"end":{"line":171,"column":7}},{"start":{},"end":{}}],"line":169},"12":{"loc":{"start":{"line":169,"column":10},"end":{"line":169,"column":46}},"type":"binary-expr","locations":[{"start":{"line":169,"column":10},"end":{"line":169,"column":15}},{"start":{"line":169,"column":19},"end":{"line":169,"column":46}}],"line":169},"13":{"loc":{"start":{"line":190,"column":4},"end":{"line":192,"column":5}},"type":"if","locations":[{"start":{"line":190,"column":4},"end":{"line":192,"column":5}},{"start":{},"end":{}}],"line":190},"14":{"loc":{"start":{"line":199,"column":6},"end":{"line":202,"column":7}},"type":"if","locations":[{"start":{"line":199,"column":6},"end":{"line":202,"column":7}},{"start":{},"end":{}}],"line":199},"15":{"loc":{"start":{"line":199,"column":10},"end":{"line":199,"column":39}},"type":"binary-expr","locations":[{"start":{"line":199,"column":10},"end":{"line":199,"column":15}},{"start":{"line":199,"column":19},"end":{"line":199,"column":39}}],"line":199},"16":{"loc":{"start":{"line":239,"column":4},"end":{"line":305,"column":5}},"type":"if","locations":[{"start":{"line":239,"column":4},"end":{"line":305,"column":5}},{"start":{"line":256,"column":9},"end":{"line":305,"column":5}}],"line":239},"17":{"loc":{"start":{"line":256,"column":9},"end":{"line":305,"column":5}},"type":"if","locations":[{"start":{"line":256,"column":9},"end":{"line":305,"column":5}},{"start":{"line":273,"column":9},"end":{"line":305,"column":5}}],"line":256},"18":{"loc":{"start":{"line":256,"column":13},"end":{"line":256,"column":57}},"type":"binary-expr","locations":[{"start":{"line":256,"column":13},"end":{"line":256,"column":33}},{"start":{"line":256,"column":37},"end":{"line":256,"column":57}}],"line":256},"19":{"loc":{"start":{"line":273,"column":9},"end":{"line":305,"column":5}},"type":"if","locations":[{"start":{"line":273,"column":9},"end":{"line":305,"column":5}},{"start":{"line":290,"column":9},"end":{"line":305,"column":5}}],"line":273},"20":{"loc":{"start":{"line":273,"column":13},"end":{"line":273,"column":57}},"type":"binary-expr","locations":[{"start":{"line":273,"column":13},"end":{"line":273,"column":33}},{"start":{"line":273,"column":37},"end":{"line":273,"column":57}}],"line":273},"21":{"loc":{"start":{"line":290,"column":9},"end":{"line":305,"column":5}},"type":"if","locations":[{"start":{"line":290,"column":9},"end":{"line":305,"column":5}},{"start":{},"end":{}}],"line":290},"22":{"loc":{"start":{"line":290,"column":13},"end":{"line":290,"column":58}},"type":"binary-expr","locations":[{"start":{"line":290,"column":13},"end":{"line":290,"column":33}},{"start":{"line":290,"column":37},"end":{"line":290,"column":58}}],"line":290},"23":{"loc":{"start":{"line":308,"column":4},"end":{"line":323,"column":5}},"type":"if","locations":[{"start":{"line":308,"column":4},"end":{"line":323,"column":5}},{"start":{},"end":{}}],"line":308},"24":{"loc":{"start":{"line":386,"column":4},"end":{"line":388,"column":5}},"type":"if","locations":[{"start":{"line":386,"column":4},"end":{"line":388,"column":5}},{"start":{},"end":{}}],"line":386},"25":{"loc":{"start":{"line":396,"column":6},"end":{"line":398,"column":7}},"type":"if","locations":[{"start":{"line":396,"column":6},"end":{"line":398,"column":7}},{"start":{},"end":{}}],"line":396}},"s":{"0":0,"1":0,"2":0,"3":0,"4":0,"5":0,"6":0,"7":0,"8":0,"9":0,"10":0,"11":0,"12":0,"13":0,"14":0,"15":0,"16":0,"17":0,"18":0,"19":0,"20":0,"21":0,"22":0,"23":0,"24":0,"25":0,"26":0,"27":0,"28":0,"29":0,"30":0,"31":0,"32":0,"33":0,"34":0,"35":0,"36":0,"37":0,"38":0,"39":0,"40":0,"41":0,"42":0,"43":0,"44":0,"45":0,"46":0,"47":0,"48":0,"49":0,"50":0,"51":0,"52":0,"53":0,"54":0,"55":0,"56":0,"57":0,"58":0,"59":0,"60":0,"61":0,"62":0,"63":0,"64":0,"65":0,"66":0,"67":0,"68":0,"69":0,"70":0,"71":0,"72":0,"73":0,"74":0,"75":0,"76":0,"77":0,"78":0,"79":0,"80":0,"81":0,"82":0,"83":0,"84":0,"85":0,"86":0,"87":0,"88":0,"89":0,"90":0,"91":0,"92":0,"93":0,"94":0,"95":0,"96":0,"97":0,"98":0,"99":0,"100":0,"101":0,"102":0,"103":0,"104":0},"f":{"0":0,"1":0,"2":0,"3":0,"4":0,"5":0,"6":0,"7":0,"8":0,"9":0,"10":0,"11":0,"12":0,"13":0,"14":0,"15":0},"b":{"0":[0],"1":[0,0],"2":[0,0],"3":[0,0],"4":[0,0],"5":[0,0],"6":[0,0],"7":[0,0],"8":[0,0],"9":[0,0],"10":[0,0],"11":[0,0],"12":[0,0],"13":[0,0],"14":[0,0],"15":[0,0],"16":[0,0],"17":[0,0],"18":[0,0],"19":[0,0],"20":[0,0],"21":[0,0],"22":[0,0],"23":[0,0],"24":[0,0],"25":[0,0]},"inputSourceMap":null}
,"D:\\DS CP\\backend\\src\\data-structures\\HashMap.js": {"path":"D:\\DS CP\\backend\\src\\data-structures\\HashMap.js","statementMap":{"0":{"start":{"line":17,"column":4},"end":{"line":17,"column":36}},"1":{"start":{"line":18,"column":4},"end":{"line":18,"column":33}},"2":{"start":{"line":19,"column":4},"end":{"line":19,"column":19}},"3":{"start":{"line":20,"column":4},"end":{"line":20,"column":67}},"4":{"start":{"line":20,"column":63},"end":{"line":20,"column":65}},"5":{"start":{"line":32,"column":15},"end":{"line":32,"column":16}},"6":{"start":{"line":33,"column":4},"end":{"line":35,"column":5}},"7":{"start":{"line":33,"column":17},"end":{"line":33,"column":18}},"8":{"start":{"line":34,"column":6},"end":{"line":34,"column":61}},"9":{"start":{"line":36,"column":4},"end":{"line":36,"column":26}},"10":{"start":{"line":49,"column":4},"end":{"line":51,"column":5}},"11":{"start":{"line":50,"column":6},"end":{"line":50,"column":20}},"12":{"start":{"line":53,"column":18},"end":{"line":53,"column":32}},"13":{"start":{"line":54,"column":19},"end":{"line":54,"column":38}},"14":{"start":{"line":57,"column":26},"end":{"line":57,"column":70}},"15":{"start":{"line":57,"column":52},"end":{"line":57,"column":69}},"16":{"start":{"line":58,"column":4},"end":{"line":61,"column":5}},"17":{"start":{"line":59,"column":6},"end":{"line":59,"column":42}},"18":{"start":{"line":60,"column":6},"end":{"line":60,"column":13}},"19":{"start":{"line":64,"column":4},"end":{"line":64,"column":32}},"20":{"start":{"line":65,"column":4},"end":{"line":65,"column":17}},"21":{"start":{"line":78,"column":18},"end":{"line":78,"column":32}},"22":{"start":{"line":79,"column":19},"end":{"line":79,"column":38}},"23":{"start":{"line":80,"column":18},"end":{"line":80,"column":49}},"24":{"start":{"line":80,"column":35},"end":{"line":80,"column":48}},"25":{"start":{"line":81,"column":4},"end":{"line":81,"column":24}},"26":{"start":{"line":94,"column":4},"end":{"line":94,"column":39}},"27":{"start":{"line":108,"column":18},"end":{"line":108,"column":32}},"28":{"start":{"line":109,"column":19},"end":{"line":109,"column":38}},"29":{"start":{"line":110,"column":23},"end":{"line":110,"column":59}},"30":{"start":{"line":110,"column":45},"end":{"line":110,"column":58}},"31":{"start":{"line":112,"column":4},"end":{"line":112,"column":40}},"32":{"start":{"line":112,"column":27},"end":{"line":112,"column":40}},"33":{"start":{"line":114,"column":4},"end":{"line":114,"column":33}},"34":{"start":{"line":115,"column":4},"end":{"line":115,"column":17}},"35":{"start":{"line":116,"column":4},"end":{"line":116,"column":16}},"36":{"start":{"line":129,"column":23},"end":{"line":129,"column":41}},"37":{"start":{"line":130,"column":20},"end":{"line":130,"column":22}},"38":{"start":{"line":132,"column":4},"end":{"line":138,"column":5}},"39":{"start":{"line":133,"column":6},"end":{"line":137,"column":7}},"40":{"start":{"line":134,"column":8},"end":{"line":136,"column":9}},"41":{"start":{"line":135,"column":10},"end":{"line":135,"column":36}},"42":{"start":{"line":140,"column":4},"end":{"line":140,"column":19}},"43":{"start":{"line":154,"column":4},"end":{"line":160,"column":5}},"44":{"start":{"line":155,"column":6},"end":{"line":159,"column":7}},"45":{"start":{"line":156,"column":8},"end":{"line":158,"column":9}},"46":{"start":{"line":157,"column":10},"end":{"line":157,"column":29}},"47":{"start":{"line":161,"column":4},"end":{"line":161,"column":21}},"48":{"start":{"line":174,"column":20},"end":{"line":174,"column":22}},"49":{"start":{"line":176,"column":4},"end":{"line":182,"column":5}},"50":{"start":{"line":177,"column":6},"end":{"line":181,"column":7}},"51":{"start":{"line":178,"column":8},"end":{"line":180,"column":9}},"52":{"start":{"line":179,"column":10},"end":{"line":179,"column":36}},"53":{"start":{"line":184,"column":4},"end":{"line":184,"column":19}},"54":{"start":{"line":195,"column":22},"end":{"line":195,"column":24}},"55":{"start":{"line":197,"column":4},"end":{"line":201,"column":5}},"56":{"start":{"line":198,"column":6},"end":{"line":200,"column":7}},"57":{"start":{"line":199,"column":8},"end":{"line":199,"column":36}},"58":{"start":{"line":203,"column":4},"end":{"line":203,"column":21}},"59":{"start":{"line":215,"column":4},"end":{"line":215,"column":22}},"60":{"start":{"line":225,"column":4},"end":{"line":225,"column":67}},"61":{"start":{"line":225,"column":63},"end":{"line":225,"column":65}},"62":{"start":{"line":226,"column":4},"end":{"line":226,"column":19}},"63":{"start":{"line":238,"column":4},"end":{"line":238,"column":56}},"64":{"start":{"line":250,"column":23},"end":{"line":250,"column":35}},"65":{"start":{"line":251,"column":4},"end":{"line":251,"column":23}},"66":{"start":{"line":252,"column":4},"end":{"line":252,"column":67}},"67":{"start":{"line":252,"column":63},"end":{"line":252,"column":65}},"68":{"start":{"line":253,"column":4},"end":{"line":253,"column":19}},"69":{"start":{"line":256,"column":4},"end":{"line":260,"column":5}},"70":{"start":{"line":257,"column":6},"end":{"line":259,"column":7}},"71":{"start":{"line":258,"column":8},"end":{"line":258,"column":41}},"72":{"start":{"line":271,"column":4},"end":{"line":271,"column":38}},"73":{"start":{"line":282,"column":21},"end":{"line":282,"column":22}},"74":{"start":{"line":283,"column":25},"end":{"line":283,"column":26}},"75":{"start":{"line":284,"column":26},"end":{"line":284,"column":27}},"76":{"start":{"line":286,"column":4},"end":{"line":294,"column":5}},"77":{"start":{"line":287,"column":6},"end":{"line":293,"column":7}},"78":{"start":{"line":288,"column":8},"end":{"line":288,"column":26}},"79":{"start":{"line":289,"column":8},"end":{"line":291,"column":9}},"80":{"start":{"line":290,"column":10},"end":{"line":290,"column":42}},"81":{"start":{"line":292,"column":8},"end":{"line":292,"column":65}},"82":{"start":{"line":296,"column":4},"end":{"line":301,"column":6}},"83":{"start":{"line":314,"column":4},"end":{"line":320,"column":8}},"84":{"start":{"line":314,"column":48},"end":{"line":320,"column":5}},"85":{"start":{"line":316,"column":36},"end":{"line":319,"column":7}},"86":{"start":{"line":329,"column":4},"end":{"line":329,"column":28}},"87":{"start":{"line":338,"column":20},"end":{"line":338,"column":22}},"88":{"start":{"line":340,"column":4},"end":{"line":344,"column":5}},"89":{"start":{"line":341,"column":6},"end":{"line":343,"column":7}},"90":{"start":{"line":342,"column":8},"end":{"line":342,"column":32}},"91":{"start":{"line":346,"column":4},"end":{"line":346,"column":19}},"92":{"start":{"line":355,"column":4},"end":{"line":355,"column":34}},"93":{"start":{"line":364,"column":22},"end":{"line":364,"column":24}},"94":{"start":{"line":366,"column":4},"end":{"line":370,"column":5}},"95":{"start":{"line":367,"column":6},"end":{"line":369,"column":7}},"96":{"start":{"line":368,"column":8},"end":{"line":368,"column":49}},"97":{"start":{"line":372,"column":4},"end":{"line":372,"column":21}}},"fnMap":{"0":{"name":"(anonymous_0)","decl":{"start":{"line":16,"column":2},"end":{"line":16,"column":3}},"loc":{"start":{"line":16,"column":55},"end":{"line":21,"column":3}},"line":16},"1":{"name":"(anonymous_1)","decl":{"start":{"line":20,"column":57},"end":{"line":20,"column":58}},"loc":{"start":{"line":20,"column":63},"end":{"line":20,"column":65}},"line":20},"2":{"name":"(anonymous_2)","decl":{"start":{"line":31,"column":2},"end":{"line":31,"column":3}},"loc":{"start":{"line":31,"column":12},"end":{"line":37,"column":3}},"line":31},"3":{"name":"(anonymous_3)","decl":{"start":{"line":48,"column":2},"end":{"line":48,"column":3}},"loc":{"start":{"line":48,"column":18},"end":{"line":66,"column":3}},"line":48},"4":{"name":"(anonymous_4)","decl":{"start":{"line":57,"column":43},"end":{"line":57,"column":44}},"loc":{"start":{"line":57,"column":52},"end":{"line":57,"column":69}},"line":57},"5":{"name":"(anonymous_5)","decl":{"start":{"line":77,"column":2},"end":{"line":77,"column":3}},"loc":{"start":{"line":77,"column":11},"end":{"line":82,"column":3}},"line":77},"6":{"name":"(anonymous_6)","decl":{"start":{"line":80,"column":30},"end":{"line":80,"column":31}},"loc":{"start":{"line":80,"column":35},"end":{"line":80,"column":48}},"line":80},"7":{"name":"(anonymous_7)","decl":{"start":{"line":93,"column":2},"end":{"line":93,"column":3}},"loc":{"start":{"line":93,"column":11},"end":{"line":95,"column":3}},"line":93},"8":{"name":"(anonymous_8)","decl":{"start":{"line":107,"column":2},"end":{"line":107,"column":3}},"loc":{"start":{"line":107,"column":14},"end":{"line":117,"column":3}},"line":107},"9":{"name":"(anonymous_9)","decl":{"start":{"line":110,"column":40},"end":{"line":110,"column":41}},"loc":{"start":{"line":110,"column":45},"end":{"line":110,"column":58}},"line":110},"10":{"name":"(anonymous_10)","decl":{"start":{"line":128,"column":2},"end":{"line":128,"column":3}},"loc":{"start":{"line":128,"column":21},"end":{"line":141,"column":3}},"line":128},"11":{"name":"(anonymous_11)","decl":{"start":{"line":153,"column":2},"end":{"line":153,"column":3}},"loc":{"start":{"line":153,"column":29},"end":{"line":162,"column":3}},"line":153},"12":{"name":"(anonymous_12)","decl":{"start":{"line":173,"column":2},"end":{"line":173,"column":3}},"loc":{"start":{"line":173,"column":29},"end":{"line":185,"column":3}},"line":173},"13":{"name":"(anonymous_13)","decl":{"start":{"line":194,"column":2},"end":{"line":194,"column":3}},"loc":{"start":{"line":194,"column":20},"end":{"line":204,"column":3}},"line":194},"14":{"name":"(anonymous_14)","decl":{"start":{"line":214,"column":2},"end":{"line":214,"column":3}},"loc":{"start":{"line":214,"column":9},"end":{"line":216,"column":3}},"line":214},"15":{"name":"(anonymous_15)","decl":{"start":{"line":224,"column":2},"end":{"line":224,"column":3}},"loc":{"start":{"line":224,"column":10},"end":{"line":227,"column":3}},"line":224},"16":{"name":"(anonymous_16)","decl":{"start":{"line":225,"column":57},"end":{"line":225,"column":58}},"loc":{"start":{"line":225,"column":63},"end":{"line":225,"column":65}},"line":225},"17":{"name":"(anonymous_17)","decl":{"start":{"line":237,"column":2},"end":{"line":237,"column":3}},"loc":{"start":{"line":237,"column":17},"end":{"line":239,"column":3}},"line":237},"18":{"name":"(anonymous_18)","decl":{"start":{"line":249,"column":2},"end":{"line":249,"column":3}},"loc":{"start":{"line":249,"column":11},"end":{"line":261,"column":3}},"line":249},"19":{"name":"(anonymous_19)","decl":{"start":{"line":252,"column":57},"end":{"line":252,"column":58}},"loc":{"start":{"line":252,"column":63},"end":{"line":252,"column":65}},"line":252},"20":{"name":"(anonymous_20)","decl":{"start":{"line":270,"column":2},"end":{"line":270,"column":3}},"loc":{"start":{"line":270,"column":18},"end":{"line":272,"column":3}},"line":270},"21":{"name":"(anonymous_21)","decl":{"start":{"line":281,"column":2},"end":{"line":281,"column":3}},"loc":{"start":{"line":281,"column":22},"end":{"line":302,"column":3}},"line":281},"22":{"name":"(anonymous_22)","decl":{"start":{"line":313,"column":2},"end":{"line":313,"column":3}},"loc":{"start":{"line":313,"column":23},"end":{"line":321,"column":3}},"line":313},"23":{"name":"(anonymous_23)","decl":{"start":{"line":314,"column":28},"end":{"line":314,"column":29}},"loc":{"start":{"line":314,"column":48},"end":{"line":320,"column":5}},"line":314},"24":{"name":"(anonymous_24)","decl":{"start":{"line":316,"column":26},"end":{"line":316,"column":27}},"loc":{"start":{"line":316,"column":36},"end":{"line":319,"column":7}},"line":316},"25":{"name":"(anonymous_25)","decl":{"start":{"line":328,"column":2},"end":{"line":328,"column":3}},"loc":{"start":{"line":328,"column":12},"end":{"line":330,"column":3}},"line":328},"26":{"name":"(anonymous_26)","decl":{"start":{"line":337,"column":2},"end":{"line":337,"column":3}},"loc":{"start":{"line":337,"column":9},"end":{"line":347,"column":3}},"line":337},"27":{"name":"(anonymous_27)","decl":{"start":{"line":354,"column":2},"end":{"line":354,"column":3}},"loc":{"start":{"line":354,"column":11},"end":{"line":356,"column":3}},"line":354},"28":{"name":"(anonymous_28)","decl":{"start":{"line":363,"column":2},"end":{"line":363,"column":3}},"loc":{"start":{"line":363,"column":12},"end":{"line":373,"column":3}},"line":363}},"branchMap":{"0":{"loc":{"start":{"line":16,"column":14},"end":{"line":16,"column":34}},"type":"default-arg","locations":[{"start":{"line":16,"column":32},"end":{"line":16,"column":34}}],"line":16},"1":{"loc":{"start":{"line":16,"column":36},"end":{"line":16,"column":53}},"type":"default-arg","locations":[{"start":{"line":16,"column":49},"end":{"line":16,"column":53}}],"line":16},"2":{"loc":{"start":{"line":49,"column":4},"end":{"line":51,"column":5}},"type":"if","locations":[{"start":{"line":49,"column":4},"end":{"line":51,"column":5}},{"start":{},"end":{}}],"line":49},"3":{"loc":{"start":{"line":58,"column":4},"end":{"line":61,"column":5}},"type":"if","locations":[{"start":{"line":58,"column":4},"end":{"line":61,"column":5}},{"start":{},"end":{}}],"line":58},"4":{"loc":{"start":{"line":112,"column":4},"end":{"line":112,"column":40}},"type":"if","locations":[{"start":{"line":112,"column":4},"end":{"line":112,"column":40}},{"start":{},"end":{}}],"line":112},"5":{"loc":{"start":{"line":134,"column":8},"end":{"line":136,"column":9}},"type":"if","locations":[{"start":{"line":134,"column":8},"end":{"line":136,"column":9}},{"start":{},"end":{}}],"line":134},"6":{"loc":{"start":{"line":156,"column":8},"end":{"line":158,"column":9}},"type":"if","locations":[{"start":{"line":156,"column":8},"end":{"line":158,"column":9}},{"start":{},"end":{}}],"line":156},"7":{"loc":{"start":{"line":178,"column":8},"end":{"line":180,"column":9}},"type":"if","locations":[{"start":{"line":178,"column":8},"end":{"line":180,"column":9}},{"start":{},"end":{}}],"line":178},"8":{"loc":{"start":{"line":287,"column":6},"end":{"line":293,"column":7}},"type":"if","locations":[{"start":{"line":287,"column":6},"end":{"line":293,"column":7}},{"start":{},"end":{}}],"line":287},"9":{"loc":{"start":{"line":289,"column":8},"end":{"line":291,"column":9}},"type":"if","locations":[{"start":{"line":289,"column":8},"end":{"line":291,"column":9}},{"start":{},"end":{}}],"line":289}},"s":{"0":0,"1":0,"2":0,"3":0,"4":0,"5":0,"6":0,"7":0,"8":0,"9":0,"10":0,"11":0,"12":0,"13":0,"14":0,"15":0,"16":0,"17":0,"18":0,"19":0,"20":0,"21":0,"22":0,"23":0,"24":0,"25":0,"26":0,"27":0,"28":0,"29":0,"30":0,"31":0,"32":0,"33":0,"34":0,"35":0,"36":0,"37":0,"38":0,"39":0,"40":0,"41":0,"42":0,"43":0,"44":0,"45":0,"46":0,"47":0,"48":0,"49":0,"50":0,"51":0,"52":0,"53":0,"54":0,"55":0,"56":0,"57":0,"58":0,"59":0,"60":0,"61":0,"62":0,"63":0,"64":0,"65":0,"66":0,"67":0,"68":0,"69":0,"70":0,"71":0,"72":0,"73":0,"74":0,"75":0,"76":0,"77":0,"78":0,"79":0,"80":0,"81":0,"82":0,"83":0,"84":0,"85":0,"86":0,"87":0,"88":0,"89":0,"90":0,"91":0,"92":0,"93":0,"94":0,"95":0,"96":0,"97":0},"f":{"0":0,"1":0,"2":0,"3":0,"4":0,"5":0,"6":0,"7":0,"8":0,"9":0,"10":0,"11":0,"12":0,"13":0,"14":0,"15":0,"16":0,"17":0,"18":0,"19":0,"20":0,"21":0,"22":0,"23":0,"24":0,"25":0,"26":0,"27":0,"28":0},"b":{"0":[0],"1":[0],"2":[0,0],"3":[0,0],"4":[0,0],"5":[0,0],"6":[0,0],"7":[0,0],"8":[0,0],"9":[0,0]},"inputSourceMap":null}
,"D:\\DS CP\\backend\\src\\data-structures\\HistoryLinkedList.js": {"path":"D:\\DS CP\\backend\\src\\data-structures\\HistoryLinkedList.js","statementMap":{"0":{"start":{"line":11,"column":4},"end":{"line":11,"column":21}},"1":{"start":{"line":12,"column":4},"end":{"line":12,"column":21}},"2":{"start":{"line":13,"column":4},"end":{"line":13,"column":21}},"3":{"start":{"line":24,"column":4},"end":{"line":24,"column":21}},"4":{"start":{"line":25,"column":4},"end":{"line":25,"column":21}},"5":{"start":{"line":26,"column":4},"end":{"line":26,"column":19}},"6":{"start":{"line":35,"column":20},"end":{"line":35,"column":42}},"7":{"start":{"line":37,"column":4},"end":{"line":46,"column":5}},"8":{"start":{"line":39,"column":6},"end":{"line":39,"column":26}},"9":{"start":{"line":40,"column":6},"end":{"line":40,"column":26}},"10":{"start":{"line":43,"column":6},"end":{"line":43,"column":31}},"11":{"start":{"line":44,"column":6},"end":{"line":44,"column":31}},"12":{"start":{"line":45,"column":6},"end":{"line":45,"column":26}},"13":{"start":{"line":48,"column":4},"end":{"line":48,"column":17}},"14":{"start":{"line":57,"column":20},"end":{"line":57,"column":42}},"15":{"start":{"line":59,"column":4},"end":{"line":68,"column":5}},"16":{"start":{"line":61,"column":6},"end":{"line":61,"column":26}},"17":{"start":{"line":62,"column":6},"end":{"line":62,"column":26}},"18":{"start":{"line":65,"column":6},"end":{"line":65,"column":31}},"19":{"start":{"line":66,"column":6},"end":{"line":66,"column":31}},"20":{"start":{"line":67,"column":6},"end":{"line":67,"column":26}},"21":{"start":{"line":70,"column":4},"end":{"line":70,"column":17}},"22":{"start":{"line":79,"column":4},"end":{"line":79,"column":36}},"23":{"start":{"line":79,"column":24},"end":{"line":79,"column":36}},"24":{"start":{"line":81,"column":24},"end":{"line":81,"column":38}},"25":{"start":{"line":83,"column":4},"end":{"line":91,"column":5}},"26":{"start":{"line":85,"column":6},"end":{"line":85,"column":23}},"27":{"start":{"line":86,"column":6},"end":{"line":86,"column":23}},"28":{"start":{"line":89,"column":6},"end":{"line":89,"column":33}},"29":{"start":{"line":90,"column":6},"end":{"line":90,"column":28}},"30":{"start":{"line":93,"column":4},"end":{"line":93,"column":17}},"31":{"start":{"line":94,"column":4},"end":{"line":94,"column":23}},"32":{"start":{"line":103,"column":4},"end":{"line":103,"column":36}},"33":{"start":{"line":103,"column":24},"end":{"line":103,"column":36}},"34":{"start":{"line":105,"column":24},"end":{"line":105,"column":38}},"35":{"start":{"line":107,"column":4},"end":{"line":115,"column":5}},"36":{"start":{"line":109,"column":6},"end":{"line":109,"column":23}},"37":{"start":{"line":110,"column":6},"end":{"line":110,"column":23}},"38":{"start":{"line":113,"column":6},"end":{"line":113,"column":33}},"39":{"start":{"line":114,"column":6},"end":{"line":114,"column":28}},"40":{"start":{"line":117,"column":4},"end":{"line":117,"column":17}},"41":{"start":{"line":118,"column":4},"end":{"line":118,"column":23}},"42":{"start":{"line":128,"column":19},"end":{"line":128,"column":21}},"43":{"start":{"line":129,"column":18},"end":{"line":129,"column":27}},"44":{"start":{"line":130,"column":20},"end":{"line":130,"column":21}},"45":{"start":{"line":132,"column":4},"end":{"line":136,"column":5}},"46":{"start":{"line":133,"column":6},"end":{"line":133,"column":32}},"47":{"start":{"line":134,"column":6},"end":{"line":134,"column":29}},"48":{"start":{"line":135,"column":6},"end":{"line":135,"column":18}},"49":{"start":{"line":138,"column":4},"end":{"line":138,"column":18}},"50":{"start":{"line":148,"column":4},"end":{"line":148,"column":65}},"51":{"start":{"line":148,"column":32},"end":{"line":148,"column":63}},"52":{"start":{"line":158,"column":4},"end":{"line":158,"column":57}},"53":{"start":{"line":158,"column":32},"end":{"line":158,"column":55}},"54":{"start":{"line":169,"column":18},"end":{"line":169,"column":37}},"55":{"start":{"line":170,"column":16},"end":{"line":170,"column":33}},"56":{"start":{"line":172,"column":4},"end":{"line":175,"column":7}},"57":{"start":{"line":173,"column":24},"end":{"line":173,"column":49}},"58":{"start":{"line":174,"column":6},"end":{"line":174,"column":52}},"59":{"start":{"line":185,"column":18},"end":{"line":185,"column":27}},"60":{"start":{"line":187,"column":4},"end":{"line":192,"column":5}},"61":{"start":{"line":188,"column":6},"end":{"line":190,"column":7}},"62":{"start":{"line":189,"column":8},"end":{"line":189,"column":28}},"63":{"start":{"line":191,"column":6},"end":{"line":191,"column":29}},"64":{"start":{"line":194,"column":4},"end":{"line":194,"column":16}},"65":{"start":{"line":204,"column":19},"end":{"line":204,"column":21}},"66":{"start":{"line":205,"column":18},"end":{"line":205,"column":27}},"67":{"start":{"line":207,"column":4},"end":{"line":212,"column":5}},"68":{"start":{"line":208,"column":6},"end":{"line":210,"column":7}},"69":{"start":{"line":209,"column":8},"end":{"line":209,"column":34}},"70":{"start":{"line":211,"column":6},"end":{"line":211,"column":29}},"71":{"start":{"line":214,"column":4},"end":{"line":214,"column":18}},"72":{"start":{"line":223,"column":4},"end":{"line":223,"column":22}},"73":{"start":{"line":232,"column":4},"end":{"line":232,"column":28}},"74":{"start":{"line":240,"column":4},"end":{"line":240,"column":21}},"75":{"start":{"line":241,"column":4},"end":{"line":241,"column":21}},"76":{"start":{"line":242,"column":4},"end":{"line":242,"column":19}},"77":{"start":{"line":251,"column":19},"end":{"line":251,"column":21}},"78":{"start":{"line":252,"column":18},"end":{"line":252,"column":27}},"79":{"start":{"line":254,"column":4},"end":{"line":257,"column":5}},"80":{"start":{"line":255,"column":6},"end":{"line":255,"column":32}},"81":{"start":{"line":256,"column":6},"end":{"line":256,"column":29}},"82":{"start":{"line":259,"column":4},"end":{"line":259,"column":18}}},"fnMap":{"0":{"name":"(anonymous_0)","decl":{"start":{"line":10,"column":2},"end":{"line":10,"column":3}},"loc":{"start":{"line":10,"column":20},"end":{"line":14,"column":3}},"line":10},"1":{"name":"(anonymous_1)","decl":{"start":{"line":23,"column":2},"end":{"line":23,"column":3}},"loc":{"start":{"line":23,"column":16},"end":{"line":27,"column":3}},"line":23},"2":{"name":"(anonymous_2)","decl":{"start":{"line":34,"column":2},"end":{"line":34,"column":3}},"loc":{"start":{"line":34,"column":20},"end":{"line":49,"column":3}},"line":34},"3":{"name":"(anonymous_3)","decl":{"start":{"line":56,"column":2},"end":{"line":56,"column":3}},"loc":{"start":{"line":56,"column":19},"end":{"line":71,"column":3}},"line":56},"4":{"name":"(anonymous_4)","decl":{"start":{"line":78,"column":2},"end":{"line":78,"column":3}},"loc":{"start":{"line":78,"column":20},"end":{"line":95,"column":3}},"line":78},"5":{"name":"(anonymous_5)","decl":{"start":{"line":102,"column":2},"end":{"line":102,"column":3}},"loc":{"start":{"line":102,"column":19},"end":{"line":119,"column":3}},"line":102},"6":{"name":"(anonymous_6)","decl":{"start":{"line":127,"column":2},"end":{"line":127,"column":3}},"loc":{"start":{"line":127,"column":26},"end":{"line":139,"column":3}},"line":127},"7":{"name":"(anonymous_7)","decl":{"start":{"line":147,"column":2},"end":{"line":147,"column":3}},"loc":{"start":{"line":147,"column":37},"end":{"line":149,"column":3}},"line":147},"8":{"name":"(anonymous_8)","decl":{"start":{"line":148,"column":23},"end":{"line":148,"column":24}},"loc":{"start":{"line":148,"column":32},"end":{"line":148,"column":63}},"line":148},"9":{"name":"(anonymous_9)","decl":{"start":{"line":157,"column":2},"end":{"line":157,"column":3}},"loc":{"start":{"line":157,"column":29},"end":{"line":159,"column":3}},"line":157},"10":{"name":"(anonymous_10)","decl":{"start":{"line":158,"column":23},"end":{"line":158,"column":24}},"loc":{"start":{"line":158,"column":32},"end":{"line":158,"column":55}},"line":158},"11":{"name":"(anonymous_11)","decl":{"start":{"line":168,"column":2},"end":{"line":168,"column":3}},"loc":{"start":{"line":168,"column":40},"end":{"line":176,"column":3}},"line":168},"12":{"name":"(anonymous_12)","decl":{"start":{"line":172,"column":23},"end":{"line":172,"column":24}},"loc":{"start":{"line":172,"column":32},"end":{"line":175,"column":5}},"line":172},"13":{"name":"(anonymous_13)","decl":{"start":{"line":184,"column":2},"end":{"line":184,"column":3}},"loc":{"start":{"line":184,"column":18},"end":{"line":195,"column":3}},"line":184},"14":{"name":"(anonymous_14)","decl":{"start":{"line":203,"column":2},"end":{"line":203,"column":3}},"loc":{"start":{"line":203,"column":20},"end":{"line":215,"column":3}},"line":203},"15":{"name":"(anonymous_15)","decl":{"start":{"line":222,"column":2},"end":{"line":222,"column":3}},"loc":{"start":{"line":222,"column":9},"end":{"line":224,"column":3}},"line":222},"16":{"name":"(anonymous_16)","decl":{"start":{"line":231,"column":2},"end":{"line":231,"column":3}},"loc":{"start":{"line":231,"column":12},"end":{"line":233,"column":3}},"line":231},"17":{"name":"(anonymous_17)","decl":{"start":{"line":239,"column":2},"end":{"line":239,"column":3}},"loc":{"start":{"line":239,"column":10},"end":{"line":243,"column":3}},"line":239},"18":{"name":"(anonymous_18)","decl":{"start":{"line":250,"column":2},"end":{"line":250,"column":3}},"loc":{"start":{"line":250,"column":12},"end":{"line":260,"column":3}},"line":250}},"branchMap":{"0":{"loc":{"start":{"line":37,"column":4},"end":{"line":46,"column":5}},"type":"if","locations":[{"start":{"line":37,"column":4},"end":{"line":46,"column":5}},{"start":{"line":41,"column":11},"end":{"line":46,"column":5}}],"line":37},"1":{"loc":{"start":{"line":59,"column":4},"end":{"line":68,"column":5}},"type":"if","locations":[{"start":{"line":59,"column":4},"end":{"line":68,"column":5}},{"start":{"line":63,"column":11},"end":{"line":68,"column":5}}],"line":59},"2":{"loc":{"start":{"line":79,"column":4},"end":{"line":79,"column":36}},"type":"if","locations":[{"start":{"line":79,"column":4},"end":{"line":79,"column":36}},{"start":{},"end":{}}],"line":79},"3":{"loc":{"start":{"line":83,"column":4},"end":{"line":91,"column":5}},"type":"if","locations":[{"start":{"line":83,"column":4},"end":{"line":91,"column":5}},{"start":{"line":87,"column":11},"end":{"line":91,"column":5}}],"line":83},"4":{"loc":{"start":{"line":103,"column":4},"end":{"line":103,"column":36}},"type":"if","locations":[{"start":{"line":103,"column":4},"end":{"line":103,"column":36}},{"start":{},"end":{}}],"line":103},"5":{"loc":{"start":{"line":107,"column":4},"end":{"line":115,"column":5}},"type":"if","locations":[{"start":{"line":107,"column":4},"end":{"line":115,"column":5}},{"start":{"line":111,"column":11},"end":{"line":115,"column":5}}],"line":107},"6":{"loc":{"start":{"line":132,"column":11},"end":{"line":132,"column":39}},"type":"binary-expr","locations":[{"start":{"line":132,"column":11},"end":{"line":132,"column":18}},{"start":{"line":132,"column":22},"end":{"line":132,"column":39}}],"line":132},"7":{"loc":{"start":{"line":174,"column":13},"end":{"line":174,"column":51}},"type":"binary-expr","locations":[{"start":{"line":174,"column":13},"end":{"line":174,"column":31}},{"start":{"line":174,"column":35},"end":{"line":174,"column":51}}],"line":174},"8":{"loc":{"start":{"line":188,"column":6},"end":{"line":190,"column":7}},"type":"if","locations":[{"start":{"line":188,"column":6},"end":{"line":190,"column":7}},{"start":{},"end":{}}],"line":188},"9":{"loc":{"start":{"line":208,"column":6},"end":{"line":210,"column":7}},"type":"if","locations":[{"start":{"line":208,"column":6},"end":{"line":210,"column":7}},{"start":{},"end":{}}],"line":208}},"s":{"0":0,"1":0,"2":0,"3":0,"4":0,"5":0,"6":0,"7":0,"8":0,"9":0,"10":0,"11":0,"12":0,"13":0,"14":0,"15":0,"16":0,"17":0,"18":0,"19":0,"20":0,"21":0,"22":0,"23":0,"24":0,"25":0,"26":0,"27":0,"28":0,"29":0,"30":0,"31":0,"32":0,"33":0,"34":0,"35":0,"36":0,"37":0,"38":0,"39":0,"40":0,"41":0,"42":0,"43":0,"44":0,"45":0,"46":0,"47":0,"48":0,"49":0,"50":0,"51":0,"52":0,"53":0,"54":0,"55":0,"56":0,"57":0,"58":0,"59":0,"60":0,"61":0,"62":0,"63":0,"64":0,"65":0,"66":0,"67":0,"68":0,"69":0,"70":0,"71":0,"72":0,"73":0,"74":0,"75":0,"76":0,"77":0,"78":0,"79":0,"80":0,"81":0,"82":0},"f":{"0":0,"1":0,"2":0,"3":0,"4":0,"5":0,"6":0,"7":0,"8":0,"9":0,"10":0,"11":0,"12":0,"13":0,"14":0,"15":0,"16":0,"17":0,"18":0},"b":{"0":[0,0],"1":[0,0],"2":[0,0],"3":[0,0],"4":[0,0],"5":[0,0],"6":[0,0],"7":[0,0],"8":[0,0],"9":[0,0]},"inputSourceMap":null}
,"D:\\DS CP\\backend\\src\\data-structures\\MinHeap.js": {"path":"D:\\DS CP\\backend\\src\\data-structures\\MinHeap.js","statementMap":{"0":{"start":{"line":8,"column":4},"end":{"line":8,"column":19}},"1":{"start":{"line":19,"column":4},"end":{"line":19,"column":29}},"2":{"start":{"line":20,"column":4},"end":{"line":20,"column":41}},"3":{"start":{"line":31,"column":4},"end":{"line":31,"column":44}},"4":{"start":{"line":31,"column":32},"end":{"line":31,"column":44}},"5":{"start":{"line":32,"column":4},"end":{"line":32,"column":55}},"6":{"start":{"line":32,"column":32},"end":{"line":32,"column":55}},"7":{"start":{"line":34,"column":16},"end":{"line":34,"column":28}},"8":{"start":{"line":35,"column":4},"end":{"line":35,"column":35}},"9":{"start":{"line":36,"column":4},"end":{"line":36,"column":24}},"10":{"start":{"line":38,"column":4},"end":{"line":38,"column":15}},"11":{"start":{"line":49,"column":4},"end":{"line":49,"column":54}},"12":{"start":{"line":61,"column":23},"end":{"line":61,"column":33}},"13":{"start":{"line":62,"column":4},"end":{"line":62,"column":52}},"14":{"start":{"line":63,"column":18},"end":{"line":63,"column":28}},"15":{"start":{"line":65,"column":4},"end":{"line":68,"column":7}},"16":{"start":{"line":66,"column":25},"end":{"line":66,"column":54}},"17":{"start":{"line":67,"column":6},"end":{"line":67,"column":61}},"18":{"start":{"line":80,"column":19},"end":{"line":80,"column":21}},"19":{"start":{"line":81,"column":21},"end":{"line":81,"column":34}},"20":{"start":{"line":84,"column":4},"end":{"line":84,"column":52}},"21":{"start":{"line":84,"column":27},"end":{"line":84,"column":50}},"22":{"start":{"line":87,"column":4},"end":{"line":90,"column":5}},"23":{"start":{"line":87,"column":17},"end":{"line":87,"column":18}},"24":{"start":{"line":88,"column":18},"end":{"line":88,"column":39}},"25":{"start":{"line":89,"column":6},"end":{"line":89,"column":32}},"26":{"start":{"line":89,"column":15},"end":{"line":89,"column":32}},"27":{"start":{"line":92,"column":4},"end":{"line":92,"column":18}},"28":{"start":{"line":104,"column":18},"end":{"line":104,"column":55}},"29":{"start":{"line":104,"column":43},"end":{"line":104,"column":54}},"30":{"start":{"line":105,"column":4},"end":{"line":105,"column":35}},"31":{"start":{"line":105,"column":22},"end":{"line":105,"column":35}},"32":{"start":{"line":108,"column":4},"end":{"line":108,"column":43}},"33":{"start":{"line":109,"column":4},"end":{"line":109,"column":20}},"34":{"start":{"line":112,"column":4},"end":{"line":115,"column":5}},"35":{"start":{"line":113,"column":6},"end":{"line":113,"column":30}},"36":{"start":{"line":114,"column":6},"end":{"line":114,"column":28}},"37":{"start":{"line":117,"column":4},"end":{"line":117,"column":16}},"38":{"start":{"line":130,"column":18},"end":{"line":130,"column":55}},"39":{"start":{"line":130,"column":43},"end":{"line":130,"column":54}},"40":{"start":{"line":131,"column":4},"end":{"line":131,"column":35}},"41":{"start":{"line":131,"column":22},"end":{"line":131,"column":35}},"42":{"start":{"line":133,"column":4},"end":{"line":133,"column":45}},"43":{"start":{"line":136,"column":4},"end":{"line":136,"column":28}},"44":{"start":{"line":137,"column":4},"end":{"line":137,"column":26}},"45":{"start":{"line":139,"column":4},"end":{"line":139,"column":16}},"46":{"start":{"line":151,"column":4},"end":{"line":161,"column":5}},"47":{"start":{"line":152,"column":26},"end":{"line":152,"column":53}},"48":{"start":{"line":155,"column":6},"end":{"line":157,"column":7}},"49":{"start":{"line":156,"column":8},"end":{"line":156,"column":14}},"50":{"start":{"line":159,"column":6},"end":{"line":159,"column":36}},"51":{"start":{"line":160,"column":6},"end":{"line":160,"column":26}},"52":{"start":{"line":173,"column":19},"end":{"line":173,"column":35}},"53":{"start":{"line":175,"column":4},"end":{"line":194,"column":5}},"54":{"start":{"line":176,"column":24},"end":{"line":176,"column":37}},"55":{"start":{"line":177,"column":25},"end":{"line":177,"column":38}},"56":{"start":{"line":178,"column":21},"end":{"line":178,"column":26}},"57":{"start":{"line":181,"column":6},"end":{"line":183,"column":7}},"58":{"start":{"line":182,"column":8},"end":{"line":182,"column":29}},"59":{"start":{"line":185,"column":6},"end":{"line":187,"column":7}},"60":{"start":{"line":186,"column":8},"end":{"line":186,"column":30}},"61":{"start":{"line":190,"column":6},"end":{"line":190,"column":36}},"62":{"start":{"line":190,"column":30},"end":{"line":190,"column":36}},"63":{"start":{"line":192,"column":6},"end":{"line":192,"column":33}},"64":{"start":{"line":193,"column":6},"end":{"line":193,"column":23}},"65":{"start":{"line":202,"column":4},"end":{"line":202,"column":64}},"66":{"start":{"line":214,"column":18},"end":{"line":214,"column":40}},"67":{"start":{"line":215,"column":18},"end":{"line":215,"column":40}},"68":{"start":{"line":216,"column":4},"end":{"line":216,"column":45}},"69":{"start":{"line":220,"column":4},"end":{"line":220,"column":28}},"70":{"start":{"line":224,"column":4},"end":{"line":224,"column":34}},"71":{"start":{"line":228,"column":4},"end":{"line":228,"column":26}},"72":{"start":{"line":232,"column":4},"end":{"line":232,"column":19}}},"fnMap":{"0":{"name":"(anonymous_0)","decl":{"start":{"line":7,"column":2},"end":{"line":7,"column":3}},"loc":{"start":{"line":7,"column":16},"end":{"line":9,"column":3}},"line":7},"1":{"name":"(anonymous_1)","decl":{"start":{"line":18,"column":2},"end":{"line":18,"column":3}},"loc":{"start":{"line":18,"column":19},"end":{"line":21,"column":3}},"line":18},"2":{"name":"(anonymous_2)","decl":{"start":{"line":30,"column":2},"end":{"line":30,"column":3}},"loc":{"start":{"line":30,"column":15},"end":{"line":39,"column":3}},"line":30},"3":{"name":"(anonymous_3)","decl":{"start":{"line":48,"column":2},"end":{"line":48,"column":3}},"loc":{"start":{"line":48,"column":12},"end":{"line":50,"column":3}},"line":48},"4":{"name":"(anonymous_4)","decl":{"start":{"line":60,"column":2},"end":{"line":60,"column":3}},"loc":{"start":{"line":60,"column":35},"end":{"line":69,"column":3}},"line":60},"5":{"name":"(anonymous_5)","decl":{"start":{"line":65,"column":28},"end":{"line":65,"column":29}},"loc":{"start":{"line":65,"column":40},"end":{"line":68,"column":5}},"line":65},"6":{"name":"(anonymous_6)","decl":{"start":{"line":79,"column":2},"end":{"line":79,"column":3}},"loc":{"start":{"line":79,"column":21},"end":{"line":93,"column":3}},"line":79},"7":{"name":"(anonymous_7)","decl":{"start":{"line":84,"column":22},"end":{"line":84,"column":23}},"loc":{"start":{"line":84,"column":27},"end":{"line":84,"column":50}},"line":84},"8":{"name":"(anonymous_8)","decl":{"start":{"line":103,"column":2},"end":{"line":103,"column":3}},"loc":{"start":{"line":103,"column":13},"end":{"line":118,"column":3}},"line":103},"9":{"name":"(anonymous_9)","decl":{"start":{"line":104,"column":38},"end":{"line":104,"column":39}},"loc":{"start":{"line":104,"column":43},"end":{"line":104,"column":54}},"line":104},"10":{"name":"(anonymous_10)","decl":{"start":{"line":129,"column":2},"end":{"line":129,"column":3}},"loc":{"start":{"line":129,"column":22},"end":{"line":140,"column":3}},"line":129},"11":{"name":"(anonymous_11)","decl":{"start":{"line":130,"column":38},"end":{"line":130,"column":39}},"loc":{"start":{"line":130,"column":43},"end":{"line":130,"column":54}},"line":130},"12":{"name":"(anonymous_12)","decl":{"start":{"line":150,"column":2},"end":{"line":150,"column":3}},"loc":{"start":{"line":150,"column":19},"end":{"line":162,"column":3}},"line":150},"13":{"name":"(anonymous_13)","decl":{"start":{"line":172,"column":2},"end":{"line":172,"column":3}},"loc":{"start":{"line":172,"column":21},"end":{"line":195,"column":3}},"line":172},"14":{"name":"(anonymous_14)","decl":{"start":{"line":201,"column":2},"end":{"line":201,"column":3}},"loc":{"start":{"line":201,"column":13},"end":{"line":203,"column":3}},"line":201},"15":{"name":"(anonymous_15)","decl":{"start":{"line":213,"column":2},"end":{"line":213,"column":3}},"loc":{"start":{"line":213,"column":16},"end":{"line":217,"column":3}},"line":213},"16":{"name":"(anonymous_16)","decl":{"start":{"line":219,"column":2},"end":{"line":219,"column":3}},"loc":{"start":{"line":219,"column":9},"end":{"line":221,"column":3}},"line":219},"17":{"name":"(anonymous_17)","decl":{"start":{"line":223,"column":2},"end":{"line":223,"column":3}},"loc":{"start":{"line":223,"column":12},"end":{"line":225,"column":3}},"line":223},"18":{"name":"(anonymous_18)","decl":{"start":{"line":227,"column":2},"end":{"line":227,"column":3}},"loc":{"start":{"line":227,"column":12},"end":{"line":229,"column":3}},"line":227},"19":{"name":"(anonymous_19)","decl":{"start":{"line":231,"column":2},"end":{"line":231,"column":3}},"loc":{"start":{"line":231,"column":10},"end":{"line":233,"column":3}},"line":231}},"branchMap":{"0":{"loc":{"start":{"line":31,"column":4},"end":{"line":31,"column":44}},"type":"if","locations":[{"start":{"line":31,"column":4},"end":{"line":31,"column":44}},{"start":{},"end":{}}],"line":31},"1":{"loc":{"start":{"line":32,"column":4},"end":{"line":32,"column":55}},"type":"if","locations":[{"start":{"line":32,"column":4},"end":{"line":32,"column":55}},{"start":{},"end":{}}],"line":32},"2":{"loc":{"start":{"line":49,"column":11},"end":{"line":49,"column":53}},"type":"cond-expr","locations":[{"start":{"line":49,"column":34},"end":{"line":49,"column":46}},{"start":{"line":49,"column":49},"end":{"line":49,"column":53}}],"line":49},"3":{"loc":{"start":{"line":67,"column":13},"end":{"line":67,"column":60}},"type":"binary-expr","locations":[{"start":{"line":67,"column":13},"end":{"line":67,"column":37}},{"start":{"line":67,"column":41},"end":{"line":67,"column":60}}],"line":67},"4":{"loc":{"start":{"line":87,"column":20},"end":{"line":87,"column":48}},"type":"binary-expr","locations":[{"start":{"line":87,"column":20},"end":{"line":87,"column":25}},{"start":{"line":87,"column":29},"end":{"line":87,"column":48}}],"line":87},"5":{"loc":{"start":{"line":89,"column":6},"end":{"line":89,"column":32}},"type":"if","locations":[{"start":{"line":89,"column":6},"end":{"line":89,"column":32}},{"start":{},"end":{}}],"line":89},"6":{"loc":{"start":{"line":105,"column":4},"end":{"line":105,"column":35}},"type":"if","locations":[{"start":{"line":105,"column":4},"end":{"line":105,"column":35}},{"start":{},"end":{}}],"line":105},"7":{"loc":{"start":{"line":112,"column":4},"end":{"line":115,"column":5}},"type":"if","locations":[{"start":{"line":112,"column":4},"end":{"line":115,"column":5}},{"start":{},"end":{}}],"line":112},"8":{"loc":{"start":{"line":131,"column":4},"end":{"line":131,"column":35}},"type":"if","locations":[{"start":{"line":131,"column":4},"end":{"line":131,"column":35}},{"start":{},"end":{}}],"line":131},"9":{"loc":{"start":{"line":155,"column":6},"end":{"line":157,"column":7}},"type":"if","locations":[{"start":{"line":155,"column":6},"end":{"line":157,"column":7}},{"start":{},"end":{}}],"line":155},"10":{"loc":{"start":{"line":181,"column":6},"end":{"line":183,"column":7}},"type":"if","locations":[{"start":{"line":181,"column":6},"end":{"line":183,"column":7}},{"start":{},"end":{}}],"line":181},"11":{"loc":{"start":{"line":181,"column":10},"end":{"line":181,"column":91}},"type":"binary-expr","locations":[{"start":{"line":181,"column":10},"end":{"line":181,"column":28}},{"start":{"line":181,"column":32},"end":{"line":181,"column":91}}],"line":181},"12":{"loc":{"start":{"line":185,"column":6},"end":{"line":187,"column":7}},"type":"if","locations":[{"start":{"line":185,"column":6},"end":{"line":187,"column":7}},{"start":{},"end":{}}],"line":185},"13":{"loc":{"start":{"line":185,"column":10},"end":{"line":185,"column":93}},"type":"binary-expr","locations":[{"start":{"line":185,"column":10},"end":{"line":185,"column":29}},{"start":{"line":185,"column":33},"end":{"line":185,"column":93}}],"line":185},"14":{"loc":{"start":{"line":190,"column":6},"end":{"line":190,"column":36}},"type":"if","locations":[{"start":{"line":190,"column":6},"end":{"line":190,"column":36}},{"start":{},"end":{}}],"line":190}},"s":{"0":0,"1":0,"2":0,"3":0,"4":0,"5":0,"6":0,"7":0,"8":0,"9":0,"10":0,"11":0,"12":0,"13":0,"14":0,"15":0,"16":0,"17":0,"18":0,"19":0,"20":0,"21":0,"22":0,"23":0,"24":0,"25":0,"26":0,"27":0,"28":0,"29":0,"30":0,"31":0,"32":0,"33":0,"34":0,"35":0,"36":0,"37":0,"38":0,"39":0,"40":0,"41":0,"42":0,"43":0,"44":0,"45":0,"46":0,"47":0,"48":0,"49":0,"50":0,"51":0,"52":0,"53":0,"54":0,"55":0,"56":0,"57":0,"58":0,"59":0,"60":0,"61":0,"62":0,"63":0,"64":0,"65":0,"66":0,"67":0,"68":0,"69":0,"70":0,"71":0,"72":0},"f":{"0":0,"1":0,"2":0,"3":0,"4":0,"5":0,"6":0,"7":0,"8":0,"9":0,"10":0,"11":0,"12":0,"13":0,"14":0,"15":0,"16":0,"17":0,"18":0,"19":0},"b":{"0":[0,0],"1":[0,0],"2":[0,0],"3":[0,0],"4":[0,0],"5":[0,0],"6":[0,0],"7":[0,0],"8":[0,0],"9":[0,0],"10":[0,0],"11":[0,0],"12":[0,0],"13":[0,0],"14":[0,0]},"inputSourceMap":null}
,"D:\\DS CP\\backend\\src\\services\\MedicineService.js": {"path":"D:\\DS CP\\backend\\src\\services\\MedicineService.js","statementMap":{"0":{"start":{"line":13,"column":4},"end":{"line":13,"column":33}},"1":{"start":{"line":14,"column":4},"end":{"line":14,"column":33}},"2":{"start":{"line":15,"column":4},"end":{"line":15,"column":26}},"3":{"start":{"line":23,"column":4},"end":{"line":44,"column":5}},"4":{"start":{"line":24,"column":26},"end":{"line":26,"column":7}},"5":{"start":{"line":28,"column":6},"end":{"line":28,"column":27}},"6":{"start":{"line":29,"column":6},"end":{"line":29,"column":27}},"7":{"start":{"line":31,"column":6},"end":{"line":38,"column":9}},"8":{"start":{"line":32,"column":35},"end":{"line":35,"column":9}},"9":{"start":{"line":36,"column":8},"end":{"line":36,"column":48}},"10":{"start":{"line":37,"column":8},"end":{"line":37,"column":58}},"11":{"start":{"line":40,"column":6},"end":{"line":40,"column":27}},"12":{"start":{"line":41,"column":6},"end":{"line":41,"column":30}},"13":{"start":{"line":43,"column":6},"end":{"line":43,"column":68}},"14":{"start":{"line":52,"column":23},"end":{"line":52,"column":56}},"15":{"start":{"line":54,"column":4},"end":{"line":152,"column":5}},"16":{"start":{"line":55,"column":6},"end":{"line":55,"column":42}},"17":{"start":{"line":57,"column":25},"end":{"line":57,"column":33}},"18":{"start":{"line":58,"column":21},"end":{"line":58,"column":78}},"19":{"start":{"line":60,"column":23},"end":{"line":65,"column":7}},"20":{"start":{"line":68,"column":6},"end":{"line":90,"column":8}},"21":{"start":{"line":93,"column":6},"end":{"line":93,"column":36}},"22":{"start":{"line":94,"column":6},"end":{"line":94,"column":46}},"23":{"start":{"line":97,"column":6},"end":{"line":112,"column":8}},"24":{"start":{"line":115,"column":6},"end":{"line":143,"column":7}},"25":{"start":{"line":116,"column":30},"end":{"line":118,"column":9}},"26":{"start":{"line":119,"column":32},"end":{"line":119,"column":88}},"27":{"start":{"line":121,"column":24},"end":{"line":121,"column":37}},"28":{"start":{"line":122,"column":8},"end":{"line":124,"column":60}},"29":{"start":{"line":122,"column":34},"end":{"line":122,"column":59}},"30":{"start":{"line":123,"column":13},"end":{"line":124,"column":60}},"31":{"start":{"line":123,"column":39},"end":{"line":123,"column":64}},"32":{"start":{"line":124,"column":13},"end":{"line":124,"column":60}},"33":{"start":{"line":124,"column":38},"end":{"line":124,"column":60}},"34":{"start":{"line":126,"column":8},"end":{"line":142,"column":10}},"35":{"start":{"line":145,"column":6},"end":{"line":145,"column":32}},"36":{"start":{"line":146,"column":6},"end":{"line":146,"column":22}},"37":{"start":{"line":148,"column":6},"end":{"line":148,"column":34}},"38":{"start":{"line":149,"column":6},"end":{"line":149,"column":66}},"39":{"start":{"line":151,"column":6},"end":{"line":151,"column":27}},"40":{"start":{"line":159,"column":21},"end":{"line":159,"column":49}},"41":{"start":{"line":161,"column":4},"end":{"line":173,"column":5}},"42":{"start":{"line":163,"column":21},"end":{"line":166,"column":7}},"43":{"start":{"line":168,"column":6},"end":{"line":168,"column":41}},"44":{"start":{"line":168,"column":29},"end":{"line":168,"column":41}},"45":{"start":{"line":170,"column":25},"end":{"line":170,"column":32}},"46":{"start":{"line":171,"column":6},"end":{"line":171,"column":83}},"47":{"start":{"line":172,"column":6},"end":{"line":172,"column":24}},"48":{"start":{"line":176,"column":4},"end":{"line":176,"column":76}},"49":{"start":{"line":177,"column":4},"end":{"line":177,"column":20}},"50":{"start":{"line":185,"column":22},"end":{"line":185,"column":52}},"51":{"start":{"line":188,"column":4},"end":{"line":190,"column":7}},"52":{"start":{"line":189,"column":6},"end":{"line":189,"column":78}},"53":{"start":{"line":193,"column":18},"end":{"line":198,"column":5}},"54":{"start":{"line":194,"column":34},"end":{"line":194,"column":53}},"55":{"start":{"line":195,"column":42},"end":{"line":195,"column":70}},"56":{"start":{"line":196,"column":38},"end":{"line":196,"column":61}},"57":{"start":{"line":197,"column":37},"end":{"line":197,"column":59}},"58":{"start":{"line":200,"column":4},"end":{"line":204,"column":6}},"59":{"start":{"line":212,"column":23},"end":{"line":212,"column":56}},"60":{"start":{"line":214,"column":4},"end":{"line":281,"column":5}},"61":{"start":{"line":215,"column":6},"end":{"line":215,"column":42}},"62":{"start":{"line":217,"column":26},"end":{"line":217,"column":64}},"63":{"start":{"line":218,"column":6},"end":{"line":220,"column":7}},"64":{"start":{"line":219,"column":8},"end":{"line":219,"column":46}},"65":{"start":{"line":223,"column":21},"end":{"line":225,"column":28}},"66":{"start":{"line":227,"column":30},"end":{"line":231,"column":7}},"67":{"start":{"line":234,"column":27},"end":{"line":234,"column":29}},"68":{"start":{"line":235,"column":27},"end":{"line":235,"column":29}},"69":{"start":{"line":237,"column":6},"end":{"line":241,"column":9}},"70":{"start":{"line":238,"column":22},"end":{"line":238,"column":66}},"71":{"start":{"line":239,"column":8},"end":{"line":239,"column":42}},"72":{"start":{"line":240,"column":8},"end":{"line":240,"column":40}},"73":{"start":{"line":243,"column":6},"end":{"line":243,"column":38}},"74":{"start":{"line":244,"column":6},"end":{"line":244,"column":32}},"75":{"start":{"line":245,"column":6},"end":{"line":245,"column":36}},"76":{"start":{"line":247,"column":6},"end":{"line":250,"column":8}},"77":{"start":{"line":253,"column":6},"end":{"line":253,"column":55}},"78":{"start":{"line":254,"column":6},"end":{"line":254,"column":52}},"79":{"start":{"line":257,"column":6},"end":{"line":272,"column":8}},"80":{"start":{"line":274,"column":6},"end":{"line":274,"column":32}},"81":{"start":{"line":275,"column":6},"end":{"line":275,"column":29}},"82":{"start":{"line":277,"column":6},"end":{"line":277,"column":34}},"83":{"start":{"line":278,"column":6},"end":{"line":278,"column":69}},"84":{"start":{"line":280,"column":6},"end":{"line":280,"column":27}},"85":{"start":{"line":289,"column":23},"end":{"line":289,"column":56}},"86":{"start":{"line":291,"column":4},"end":{"line":329,"column":5}},"87":{"start":{"line":292,"column":6},"end":{"line":292,"column":42}},"88":{"start":{"line":294,"column":23},"end":{"line":294,"column":61}},"89":{"start":{"line":295,"column":6},"end":{"line":297,"column":7}},"90":{"start":{"line":296,"column":8},"end":{"line":296,"column":46}},"91":{"start":{"line":300,"column":6},"end":{"line":300,"column":81}},"92":{"start":{"line":303,"column":6},"end":{"line":303,"column":38}},"93":{"start":{"line":304,"column":6},"end":{"line":304,"column":38}},"94":{"start":{"line":307,"column":6},"end":{"line":320,"column":8}},"95":{"start":{"line":322,"column":6},"end":{"line":322,"column":32}},"96":{"start":{"line":323,"column":6},"end":{"line":323,"column":18}},"97":{"start":{"line":325,"column":6},"end":{"line":325,"column":34}},"98":{"start":{"line":326,"column":6},"end":{"line":326,"column":69}},"99":{"start":{"line":328,"column":6},"end":{"line":328,"column":27}},"100":{"start":{"line":336,"column":4},"end":{"line":336,"column":43}},"101":{"start":{"line":343,"column":4},"end":{"line":343,"column":51}},"102":{"start":{"line":350,"column":4},"end":{"line":350,"column":51}},"103":{"start":{"line":357,"column":4},"end":{"line":357,"column":47}},"104":{"start":{"line":364,"column":4},"end":{"line":364,"column":57}},"105":{"start":{"line":371,"column":23},"end":{"line":371,"column":56}},"106":{"start":{"line":373,"column":4},"end":{"line":444,"column":5}},"107":{"start":{"line":374,"column":6},"end":{"line":374,"column":42}},"108":{"start":{"line":376,"column":23},"end":{"line":376,"column":61}},"109":{"start":{"line":377,"column":6},"end":{"line":379,"column":7}},"110":{"start":{"line":378,"column":8},"end":{"line":378,"column":46}},"111":{"start":{"line":381,"column":6},"end":{"line":383,"column":7}},"112":{"start":{"line":382,"column":8},"end":{"line":382,"column":46}},"113":{"start":{"line":385,"column":26},"end":{"line":385,"column":54}},"114":{"start":{"line":388,"column":6},"end":{"line":391,"column":8}},"115":{"start":{"line":394,"column":30},"end":{"line":394,"column":68}},"116":{"start":{"line":395,"column":6},"end":{"line":395,"column":55}},"117":{"start":{"line":396,"column":6},"end":{"line":396,"column":52}},"118":{"start":{"line":399,"column":6},"end":{"line":415,"column":8}},"119":{"start":{"line":418,"column":6},"end":{"line":435,"column":7}},"120":{"start":{"line":419,"column":8},"end":{"line":434,"column":10}},"121":{"start":{"line":437,"column":6},"end":{"line":437,"column":32}},"122":{"start":{"line":438,"column":6},"end":{"line":438,"column":29}},"123":{"start":{"line":440,"column":6},"end":{"line":440,"column":34}},"124":{"start":{"line":441,"column":6},"end":{"line":441,"column":71}},"125":{"start":{"line":443,"column":6},"end":{"line":443,"column":27}}},"fnMap":{"0":{"name":"(anonymous_0)","decl":{"start":{"line":12,"column":2},"end":{"line":12,"column":3}},"loc":{"start":{"line":12,"column":16},"end":{"line":16,"column":3}},"line":12},"1":{"name":"(anonymous_1)","decl":{"start":{"line":22,"column":2},"end":{"line":22,"column":3}},"loc":{"start":{"line":22,"column":27},"end":{"line":45,"column":3}},"line":22},"2":{"name":"(anonymous_2)","decl":{"start":{"line":31,"column":24},"end":{"line":31,"column":25}},"loc":{"start":{"line":31,"column":36},"end":{"line":38,"column":7}},"line":31},"3":{"name":"(anonymous_3)","decl":{"start":{"line":51,"column":2},"end":{"line":51,"column":3}},"loc":{"start":{"line":51,"column":49},"end":{"line":153,"column":3}},"line":51},"4":{"name":"(anonymous_4)","decl":{"start":{"line":158,"column":2},"end":{"line":158,"column":3}},"loc":{"start":{"line":158,"column":36},"end":{"line":178,"column":3}},"line":158},"5":{"name":"(anonymous_5)","decl":{"start":{"line":184,"column":2},"end":{"line":184,"column":3}},"loc":{"start":{"line":184,"column":26},"end":{"line":205,"column":3}},"line":184},"6":{"name":"(anonymous_6)","decl":{"start":{"line":188,"column":22},"end":{"line":188,"column":23}},"loc":{"start":{"line":188,"column":34},"end":{"line":190,"column":5}},"line":188},"7":{"name":"(anonymous_7)","decl":{"start":{"line":194,"column":29},"end":{"line":194,"column":30}},"loc":{"start":{"line":194,"column":34},"end":{"line":194,"column":53}},"line":194},"8":{"name":"(anonymous_8)","decl":{"start":{"line":195,"column":37},"end":{"line":195,"column":38}},"loc":{"start":{"line":195,"column":42},"end":{"line":195,"column":70}},"line":195},"9":{"name":"(anonymous_9)","decl":{"start":{"line":196,"column":33},"end":{"line":196,"column":34}},"loc":{"start":{"line":196,"column":38},"end":{"line":196,"column":61}},"line":196},"10":{"name":"(anonymous_10)","decl":{"start":{"line":197,"column":32},"end":{"line":197,"column":33}},"loc":{"start":{"line":197,"column":37},"end":{"line":197,"column":59}},"line":197},"11":{"name":"(anonymous_11)","decl":{"start":{"line":211,"column":2},"end":{"line":211,"column":3}},"loc":{"start":{"line":211,"column":59},"end":{"line":282,"column":3}},"line":211},"12":{"name":"(anonymous_12)","decl":{"start":{"line":237,"column":35},"end":{"line":237,"column":36}},"loc":{"start":{"line":237,"column":42},"end":{"line":241,"column":7}},"line":237},"13":{"name":"(anonymous_13)","decl":{"start":{"line":288,"column":2},"end":{"line":288,"column":3}},"loc":{"start":{"line":288,"column":50},"end":{"line":330,"column":3}},"line":288},"14":{"name":"(anonymous_14)","decl":{"start":{"line":335,"column":2},"end":{"line":335,"column":3}},"loc":{"start":{"line":335,"column":21},"end":{"line":337,"column":3}},"line":335},"15":{"name":"(anonymous_15)","decl":{"start":{"line":342,"column":2},"end":{"line":342,"column":3}},"loc":{"start":{"line":342,"column":29},"end":{"line":344,"column":3}},"line":342},"16":{"name":"(anonymous_16)","decl":{"start":{"line":349,"column":2},"end":{"line":349,"column":3}},"loc":{"start":{"line":349,"column":29},"end":{"line":351,"column":3}},"line":349},"17":{"name":"(anonymous_17)","decl":{"start":{"line":356,"column":2},"end":{"line":356,"column":3}},"loc":{"start":{"line":356,"column":37},"end":{"line":358,"column":3}},"line":356},"18":{"name":"(anonymous_18)","decl":{"start":{"line":363,"column":2},"end":{"line":363,"column":3}},"loc":{"start":{"line":363,"column":35},"end":{"line":365,"column":3}},"line":363},"19":{"name":"(anonymous_19)","decl":{"start":{"line":370,"column":2},"end":{"line":370,"column":3}},"loc":{"start":{"line":370,"column":74},"end":{"line":445,"column":3}},"line":370}},"branchMap":{"0":{"loc":{"start":{"line":51,"column":34},"end":{"line":51,"column":47}},"type":"default-arg","locations":[{"start":{"line":51,"column":43},"end":{"line":51,"column":47}}],"line":51},"1":{"loc":{"start":{"line":80,"column":10},"end":{"line":80,"column":38}},"type":"binary-expr","locations":[{"start":{"line":80,"column":10},"end":{"line":80,"column":30}},{"start":{"line":80,"column":34},"end":{"line":80,"column":38}}],"line":80},"2":{"loc":{"start":{"line":115,"column":6},"end":{"line":143,"column":7}},"type":"if","locations":[{"start":{"line":115,"column":6},"end":{"line":143,"column":7}},{"start":{},"end":{}}],"line":115},"3":{"loc":{"start":{"line":122,"column":8},"end":{"line":124,"column":60}},"type":"if","locations":[{"start":{"line":122,"column":8},"end":{"line":124,"column":60}},{"start":{"line":123,"column":13},"end":{"line":124,"column":60}}],"line":122},"4":{"loc":{"start":{"line":123,"column":13},"end":{"line":124,"column":60}},"type":"if","locations":[{"start":{"line":123,"column":13},"end":{"line":124,"column":60}},{"start":{"line":124,"column":13},"end":{"line":124,"column":60}}],"line":123},"5":{"loc":{"start":{"line":124,"column":13},"end":{"line":124,"column":60}},"type":"if","locations":[{"start":{"line":124,"column":13},"end":{"line":124,"column":60}},{"start":{},"end":{}}],"line":124},"6":{"loc":{"start":{"line":161,"column":4},"end":{"line":173,"column":5}},"type":"if","locations":[{"start":{"line":161,"column":4},"end":{"line":173,"column":5}},{"start":{},"end":{}}],"line":161},"7":{"loc":{"start":{"line":168,"column":6},"end":{"line":168,"column":41}},"type":"if","locations":[{"start":{"line":168,"column":6},"end":{"line":168,"column":41}},{"start":{},"end":{}}],"line":168},"8":{"loc":{"start":{"line":211,"column":44},"end":{"line":211,"column":57}},"type":"default-arg","locations":[{"start":{"line":211,"column":53},"end":{"line":211,"column":57}}],"line":211},"9":{"loc":{"start":{"line":218,"column":6},"end":{"line":220,"column":7}},"type":"if","locations":[{"start":{"line":218,"column":6},"end":{"line":220,"column":7}},{"start":{},"end":{}}],"line":218},"10":{"loc":{"start":{"line":223,"column":21},"end":{"line":225,"column":28}},"type":"cond-expr","locations":[{"start":{"line":224,"column":10},"end":{"line":224,"column":62}},{"start":{"line":225,"column":10},"end":{"line":225,"column":28}}],"line":223},"11":{"loc":{"start":{"line":288,"column":35},"end":{"line":288,"column":48}},"type":"default-arg","locations":[{"start":{"line":288,"column":44},"end":{"line":288,"column":48}}],"line":288},"12":{"loc":{"start":{"line":295,"column":6},"end":{"line":297,"column":7}},"type":"if","locations":[{"start":{"line":295,"column":6},"end":{"line":297,"column":7}},{"start":{},"end":{}}],"line":295},"13":{"loc":{"start":{"line":356,"column":25},"end":{"line":356,"column":35}},"type":"default-arg","locations":[{"start":{"line":356,"column":33},"end":{"line":356,"column":35}}],"line":356},"14":{"loc":{"start":{"line":370,"column":47},"end":{"line":370,"column":57}},"type":"default-arg","locations":[{"start":{"line":370,"column":55},"end":{"line":370,"column":57}}],"line":370},"15":{"loc":{"start":{"line":370,"column":59},"end":{"line":370,"column":72}},"type":"default-arg","locations":[{"start":{"line":370,"column":68},"end":{"line":370,"column":72}}],"line":370},"16":{"loc":{"start":{"line":377,"column":6},"end":{"line":379,"column":7}},"type":"if","locations":[{"start":{"line":377,"column":6},"end":{"line":379,"column":7}},{"start":{},"end":{}}],"line":377},"17":{"loc":{"start":{"line":381,"column":6},"end":{"line":383,"column":7}},"type":"if","locations":[{"start":{"line":381,"column":6},"end":{"line":383,"column":7}},{"start":{},"end":{}}],"line":381},"18":{"loc":{"start":{"line":418,"column":6},"end":{"line":435,"column":7}},"type":"if","locations":[{"start":{"line":418,"column":6},"end":{"line":435,"column":7}},{"start":{},"end":{}}],"line":418}},"s":{"0":0,"1":0,"2":0,"3":0,"4":0,"5":0,"6":0,"7":0,"8":0,"9":0,"10":0,"11":0,"12":0,"13":0,"14":0,"15":0,"16":0,"17":0,"18":0,"19":0,"20":0,"21":0,"22":0,"23":0,"24":0,"25":0,"26":0,"27":0,"28":0,"29":0,"30":0,"31":0,"32":0,"33":0,"34":0,"35":0,"36":0,"37":0,"38":0,"39":0,"40":0,"41":0,"42":0,"43":0,"44":0,"45":0,"46":0,"47":0,"48":0,"49":0,"50":0,"51":0,"52":0,"53":0,"54":0,"55":0,"56":0,"57":0,"58":0,"59":0,"60":0,"61":0,"62":0,"63":0,"64":0,"65":0,"66":0,"67":0,"68":0,"69":0,"70":0,"71":0,"72":0,"73":0,"74":0,"75":0,"76":0,"77":0,"78":0,"79":0,"80":0,"81":0,"82":0,"83":0,"84":0,"85":0,"86":0,"87":0,"88":0,"89":0,"90":0,"91":0,"92":0,"93":0,"94":0,"95":0,"96":0,"97":0,"98":0,"99":0,"100":0,"101":0,"102":0,"103":0,"104":0,"105":0,"106":0,"107":0,"108":0,"109":0,"110":0,"111":0,"112":0,"113":0,"114":0,"115":0,"116":0,"117":0,"118":0,"119":0,"120":0,"121":0,"122":0,"123":0,"124":0,"125":0},"f":{"0":0,"1":0,"2":0,"3":0,"4":0,"5":0,"6":0,"7":0,"8":0,"9":0,"10":0,"11":0,"12":0,"13":0,"14":0,"15":0,"16":0,"17":0,"18":0,"19":0},"b":{"0":[0],"1":[0,0],"2":[0,0],"3":[0,0],"4":[0,0],"5":[0,0],"6":[0,0],"7":[0,0],"8":[0],"9":[0,0],"10":[0,0],"11":[0],"12":[0,0],"13":[0],"14":[0],"15":[0],"16":[0,0],"17":[0,0],"18":[0,0]},"inputSourceMap":null}
,"D:\\DS CP\\backend\\src\\utils\\StatusCalculator.js": {"path":"D:\\DS CP\\backend\\src\\utils\\StatusCalculator.js","statementMap":{"0":{"start":{"line":34,"column":28},"end":{"line":34,"column":76}},"1":{"start":{"line":37,"column":4},"end":{"line":39,"column":5}},"2":{"start":{"line":38,"column":6},"end":{"line":38,"column":23}},"3":{"start":{"line":42,"column":4},"end":{"line":44,"column":5}},"4":{"start":{"line":43,"column":6},"end":{"line":43,"column":24}},"5":{"start":{"line":47,"column":4},"end":{"line":49,"column":5}},"6":{"start":{"line":48,"column":6},"end":{"line":48,"column":29}},"7":{"start":{"line":52,"column":4},"end":{"line":52,"column":18}},"8":{"start":{"line":79,"column":19},"end":{"line":79,"column":39}},"9":{"start":{"line":80,"column":4},"end":{"line":80,"column":32}},"10":{"start":{"line":82,"column":20},"end":{"line":82,"column":41}},"11":{"start":{"line":83,"column":4},"end":{"line":83,"column":33}},"12":{"start":{"line":86,"column":21},"end":{"line":86,"column":40}},"13":{"start":{"line":87,"column":19},"end":{"line":87,"column":55}},"14":{"start":{"line":88,"column":21},"end":{"line":88,"column":50}},"15":{"start":{"line":90,"column":4},"end":{"line":90,"column":20}},"16":{"start":{"line":116,"column":28},"end":{"line":116,"column":76}},"17":{"start":{"line":117,"column":4},"end":{"line":117,"column":33}},"18":{"start":{"line":142,"column":4},"end":{"line":144,"column":5}},"19":{"start":{"line":143,"column":6},"end":{"line":143,"column":24}},"20":{"start":{"line":147,"column":4},"end":{"line":149,"column":5}},"21":{"start":{"line":148,"column":6},"end":{"line":148,"column":23}},"22":{"start":{"line":152,"column":4},"end":{"line":152,"column":18}},"23":{"start":{"line":177,"column":22},"end":{"line":177,"column":31}},"24":{"start":{"line":178,"column":24},"end":{"line":178,"column":34}},"25":{"start":{"line":181,"column":4},"end":{"line":184,"column":5}},"26":{"start":{"line":182,"column":21},"end":{"line":182,"column":75}},"27":{"start":{"line":183,"column":6},"end":{"line":183,"column":41}},"28":{"start":{"line":186,"column":4},"end":{"line":186,"column":21}},"29":{"start":{"line":190,"column":0},"end":{"line":190,"column":34}}},"fnMap":{"0":{"name":"(anonymous_0)","decl":{"start":{"line":33,"column":2},"end":{"line":33,"column":3}},"loc":{"start":{"line":33,"column":63},"end":{"line":53,"column":3}},"line":33},"1":{"name":"(anonymous_1)","decl":{"start":{"line":77,"column":2},"end":{"line":77,"column":3}},"loc":{"start":{"line":77,"column":66},"end":{"line":91,"column":3}},"line":77},"2":{"name":"(anonymous_2)","decl":{"start":{"line":115,"column":2},"end":{"line":115,"column":3}},"loc":{"start":{"line":115,"column":58},"end":{"line":118,"column":3}},"line":115},"3":{"name":"(anonymous_3)","decl":{"start":{"line":140,"column":2},"end":{"line":140,"column":3}},"loc":{"start":{"line":140,"column":43},"end":{"line":153,"column":3}},"line":140},"4":{"name":"(anonymous_4)","decl":{"start":{"line":176,"column":2},"end":{"line":176,"column":3}},"loc":{"start":{"line":176,"column":41},"end":{"line":187,"column":3}},"line":176}},"branchMap":{"0":{"loc":{"start":{"line":33,"column":37},"end":{"line":33,"column":61}},"type":"default-arg","locations":[{"start":{"line":33,"column":51},"end":{"line":33,"column":61}}],"line":33},"1":{"loc":{"start":{"line":37,"column":4},"end":{"line":39,"column":5}},"type":"if","locations":[{"start":{"line":37,"column":4},"end":{"line":39,"column":5}},{"start":{},"end":{}}],"line":37},"2":{"loc":{"start":{"line":42,"column":4},"end":{"line":44,"column":5}},"type":"if","locations":[{"start":{"line":42,"column":4},"end":{"line":44,"column":5}},{"start":{},"end":{}}],"line":42},"3":{"loc":{"start":{"line":42,"column":8},"end":{"line":42,"column":52}},"type":"binary-expr","locations":[{"start":{"line":42,"column":8},"end":{"line":42,"column":28}},{"start":{"line":42,"column":32},"end":{"line":42,"column":52}}],"line":42},"4":{"loc":{"start":{"line":47,"column":4},"end":{"line":49,"column":5}},"type":"if","locations":[{"start":{"line":47,"column":4},"end":{"line":49,"column":5}},{"start":{},"end":{}}],"line":47},"5":{"loc":{"start":{"line":47,"column":8},"end":{"line":47,"column":53}},"type":"binary-expr","locations":[{"start":{"line":47,"column":8},"end":{"line":47,"column":28}},{"start":{"line":47,"column":32},"end":{"line":47,"column":53}}],"line":47},"6":{"loc":{"start":{"line":77,"column":40},"end":{"line":77,"column":64}},"type":"default-arg","locations":[{"start":{"line":77,"column":54},"end":{"line":77,"column":64}}],"line":77},"7":{"loc":{"start":{"line":115,"column":32},"end":{"line":115,"column":56}},"type":"default-arg","locations":[{"start":{"line":115,"column":46},"end":{"line":115,"column":56}}],"line":115},"8":{"loc":{"start":{"line":142,"column":4},"end":{"line":144,"column":5}},"type":"if","locations":[{"start":{"line":142,"column":4},"end":{"line":144,"column":5}},{"start":{},"end":{}}],"line":142},"9":{"loc":{"start":{"line":147,"column":4},"end":{"line":149,"column":5}},"type":"if","locations":[{"start":{"line":147,"column":4},"end":{"line":149,"column":5}},{"start":{},"end":{}}],"line":147},"10":{"loc":{"start":{"line":147,"column":8},"end":{"line":147,"column":53}},"type":"binary-expr","locations":[{"start":{"line":147,"column":8},"end":{"line":147,"column":28}},{"start":{"line":147,"column":32},"end":{"line":147,"column":53}}],"line":147}},"s":{"0":0,"1":0,"2":0,"3":0,"4":0,"5":0,"6":0,"7":0,"8":0,"9":0,"10":0,"11":0,"12":0,"13":0,"14":0,"15":0,"16":0,"17":0,"18":0,"19":0,"20":0,"21":0,"22":0,"23":0,"24":0,"25":0,"26":0,"27":0,"28":0,"29":0},"f":{"0":0,"1":0,"2":0,"3":0,"4":0},"b":{"0":[0],"1":[0,0],"2":[0,0],"3":[0,0],"4":[0,0],"5":[0,0],"6":[0],"7":[0],"8":[0,0],"9":[0,0],"10":[0,0]},"inputSourceMap":null}
}
