TN:
SF:src\config\database.js
FN:56,calculateBackoffDelay
FN:66,sleep
FN:67,(anonymous_2)
FN:84,createPool
FN:130,initializeDatabase
FN:140,(anonymous_5)
FN:165,getPool
FN:186,executeQuery
FN:225,checkHealth
FN:271,closeDatabase
FN:292,beginTransaction
FN:306,commitTransaction
FN:325,rollbackTransaction
FN:336,getDatabaseConfig
FNF:14
FNH:0
FNDA:0,calculateBackoffDelay
FNDA:0,sleep
FNDA:0,(anonymous_2)
FNDA:0,createPool
FNDA:0,initializeDatabase
FNDA:0,(anonymous_5)
FNDA:0,getPool
FNDA:0,executeQuery
FNDA:0,checkHealth
FNDA:0,closeDatabase
FNDA:0,beginTransaction
FNDA:0,commitTransaction
FNDA:0,rollbackTransaction
FNDA:0,getDatabaseConfig
DA:18,0
DA:23,0
DA:39,0
DA:49,0
DA:57,0
DA:58,0
DA:67,0
DA:85,0
DA:86,0
DA:88,0
DA:91,0
DA:92,0
DA:93,0
DA:95,0
DA:96,0
DA:98,0
DA:100,0
DA:103,0
DA:104,0
DA:105,0
DA:109,0
DA:110,0
DA:111,0
DA:113,0
DA:131,0
DA:132,0
DA:133,0
DA:136,0
DA:137,0
DA:140,0
DA:141,0
DA:142,0
DA:143,0
DA:147,0
DA:149,0
DA:150,0
DA:166,0
DA:167,0
DA:169,0
DA:187,0
DA:188,0
DA:189,0
DA:190,0
DA:192,0
DA:196,0
DA:201,0
DA:202,0
DA:203,0
DA:204,0
DA:205,0
DA:209,0
DA:226,0
DA:227,0
DA:228,0
DA:235,0
DA:236,0
DA:237,0
DA:238,0
DA:239,0
DA:241,0
DA:253,0
DA:254,0
DA:272,0
DA:273,0
DA:274,0
DA:275,0
DA:276,0
DA:277,0
DA:279,0
DA:280,0
DA:293,0
DA:294,0
DA:295,0
DA:307,0
DA:308,0
DA:310,0
DA:326,0
DA:327,0
DA:329,0
DA:337,0
LF:80
LH:0
BRDA:24,0,0,0
BRDA:24,0,1,0
BRDA:25,1,0,0
BRDA:25,1,1,0
BRDA:26,2,0,0
BRDA:26,2,1,0
BRDA:27,3,0,0
BRDA:27,3,1,0
BRDA:28,4,0,0
BRDA:28,4,1,0
BRDA:84,5,0,0
BRDA:103,6,0,0
BRDA:103,6,1,0
BRDA:131,7,0,0
BRDA:131,7,1,0
BRDA:142,8,0,0
BRDA:142,8,1,0
BRDA:142,9,0,0
BRDA:142,9,1,0
BRDA:166,10,0,0
BRDA:166,10,1,0
BRDA:186,11,0,0
BRDA:186,12,0,0
BRDA:196,13,0,0
BRDA:196,13,1,0
BRDA:196,13,2,0
BRDA:196,13,3,0
BRDA:201,14,0,0
BRDA:201,14,1,0
BRDA:201,15,0,0
BRDA:201,15,1,0
BRDA:227,16,0,0
BRDA:227,16,1,0
BRDA:272,17,0,0
BRDA:272,17,1,0
BRF:35
BRH:0
end_of_record
TN:
SF:src\data-structures\AlertQueue.js
FN:18,(anonymous_0)
FN:35,(anonymous_1)
FN:57,(anonymous_2)
FN:78,(anonymous_3)
FN:95,(anonymous_4)
FN:127,(anonymous_5)
FN:158,(anonymous_6)
FN:189,(anonymous_7)
FN:227,(anonymous_8)
FN:234,(anonymous_9)
FN:335,(anonymous_10)
FN:347,(anonymous_11)
FN:358,(anonymous_12)
FN:369,(anonymous_13)
FN:385,(anonymous_14)
FN:415,(anonymous_15)
FNF:16
FNH:0
FNDA:0,(anonymous_0)
FNDA:0,(anonymous_1)
FNDA:0,(anonymous_2)
FNDA:0,(anonymous_3)
FNDA:0,(anonymous_4)
FNDA:0,(anonymous_5)
FNDA:0,(anonymous_6)
FNDA:0,(anonymous_7)
FNDA:0,(anonymous_8)
FNDA:0,(anonymous_9)
FNDA:0,(anonymous_10)
FNDA:0,(anonymous_11)
FNDA:0,(anonymous_12)
FNDA:0,(anonymous_13)
FNDA:0,(anonymous_14)
FNDA:0,(anonymous_15)
DA:19,0
DA:20,0
DA:21,0
DA:22,0
DA:23,0
DA:36,0
DA:37,0
DA:41,0
DA:42,0
DA:43,0
DA:45,0
DA:58,0
DA:59,0
DA:62,0
DA:63,0
DA:64,0
DA:65,0
DA:67,0
DA:79,0
DA:80,0
DA:83,0
DA:96,0
DA:97,0
DA:100,0
DA:101,0
DA:102,0
DA:105,0
DA:106,0
DA:107,0
DA:108,0
DA:110,0
DA:111,0
DA:114,0
DA:128,0
DA:129,0
DA:132,0
DA:133,0
DA:134,0
DA:136,0
DA:137,0
DA:138,0
DA:139,0
DA:141,0
DA:142,0
DA:145,0
DA:159,0
DA:160,0
DA:163,0
DA:164,0
DA:165,0
DA:167,0
DA:168,0
DA:169,0
DA:170,0
DA:172,0
DA:173,0
DA:176,0
DA:190,0
DA:191,0
DA:194,0
DA:195,0
DA:197,0
DA:198,0
DA:199,0
DA:200,0
DA:201,0
DA:203,0
DA:204,0
DA:207,0
DA:228,0
DA:229,0
DA:230,0
DA:231,0
DA:234,0
DA:235,0
DA:239,0
DA:240,0
DA:256,0
DA:257,0
DA:273,0
DA:274,0
DA:290,0
DA:291,0
DA:308,0
DA:309,0
DA:325,0
DA:336,0
DA:348,0
DA:359,0
DA:370,0
DA:371,0
DA:372,0
DA:373,0
DA:386,0
DA:387,0
DA:390,0
DA:391,0
DA:392,0
DA:395,0
DA:396,0
DA:397,0
DA:399,0
DA:400,0
DA:403,0
DA:416,0
LF:105
LH:0
BRDA:18,0,0,0
BRDA:36,1,0,0
BRDA:36,1,1,0
BRDA:58,2,0,0
BRDA:58,2,1,0
BRDA:79,3,0,0
BRDA:79,3,1,0
BRDA:96,4,0,0
BRDA:96,4,1,0
BRDA:107,5,0,0
BRDA:107,5,1,0
BRDA:107,6,0,0
BRDA:107,6,1,0
BRDA:128,7,0,0
BRDA:128,7,1,0
BRDA:138,8,0,0
BRDA:138,8,1,0
BRDA:138,9,0,0
BRDA:138,9,1,0
BRDA:159,10,0,0
BRDA:159,10,1,0
BRDA:169,11,0,0
BRDA:169,11,1,0
BRDA:169,12,0,0
BRDA:169,12,1,0
BRDA:190,13,0,0
BRDA:190,13,1,0
BRDA:199,14,0,0
BRDA:199,14,1,0
BRDA:199,15,0,0
BRDA:199,15,1,0
BRDA:239,16,0,0
BRDA:239,16,1,0
BRDA:256,17,0,0
BRDA:256,17,1,0
BRDA:256,18,0,0
BRDA:256,18,1,0
BRDA:273,19,0,0
BRDA:273,19,1,0
BRDA:273,20,0,0
BRDA:273,20,1,0
BRDA:290,21,0,0
BRDA:290,21,1,0
BRDA:290,22,0,0
BRDA:290,22,1,0
BRDA:308,23,0,0
BRDA:308,23,1,0
BRDA:386,24,0,0
BRDA:386,24,1,0
BRDA:396,25,0,0
BRDA:396,25,1,0
BRF:51
BRH:0
end_of_record
TN:
SF:src\data-structures\HashMap.js
FN:16,(anonymous_0)
FN:20,(anonymous_1)
FN:31,(anonymous_2)
FN:48,(anonymous_3)
FN:57,(anonymous_4)
FN:77,(anonymous_5)
FN:80,(anonymous_6)
FN:93,(anonymous_7)
FN:107,(anonymous_8)
FN:110,(anonymous_9)
FN:128,(anonymous_10)
FN:153,(anonymous_11)
FN:173,(anonymous_12)
FN:194,(anonymous_13)
FN:214,(anonymous_14)
FN:224,(anonymous_15)
FN:225,(anonymous_16)
FN:237,(anonymous_17)
FN:249,(anonymous_18)
FN:252,(anonymous_19)
FN:270,(anonymous_20)
FN:281,(anonymous_21)
FN:313,(anonymous_22)
FN:314,(anonymous_23)
FN:316,(anonymous_24)
FN:328,(anonymous_25)
FN:337,(anonymous_26)
FN:354,(anonymous_27)
FN:363,(anonymous_28)
FNF:29
FNH:0
FNDA:0,(anonymous_0)
FNDA:0,(anonymous_1)
FNDA:0,(anonymous_2)
FNDA:0,(anonymous_3)
FNDA:0,(anonymous_4)
FNDA:0,(anonymous_5)
FNDA:0,(anonymous_6)
FNDA:0,(anonymous_7)
FNDA:0,(anonymous_8)
FNDA:0,(anonymous_9)
FNDA:0,(anonymous_10)
FNDA:0,(anonymous_11)
FNDA:0,(anonymous_12)
FNDA:0,(anonymous_13)
FNDA:0,(anonymous_14)
FNDA:0,(anonymous_15)
FNDA:0,(anonymous_16)
FNDA:0,(anonymous_17)
FNDA:0,(anonymous_18)
FNDA:0,(anonymous_19)
FNDA:0,(anonymous_20)
FNDA:0,(anonymous_21)
FNDA:0,(anonymous_22)
FNDA:0,(anonymous_23)
FNDA:0,(anonymous_24)
FNDA:0,(anonymous_25)
FNDA:0,(anonymous_26)
FNDA:0,(anonymous_27)
FNDA:0,(anonymous_28)
DA:17,0
DA:18,0
DA:19,0
DA:20,0
DA:32,0
DA:33,0
DA:34,0
DA:36,0
DA:49,0
DA:50,0
DA:53,0
DA:54,0
DA:57,0
DA:58,0
DA:59,0
DA:60,0
DA:64,0
DA:65,0
DA:78,0
DA:79,0
DA:80,0
DA:81,0
DA:94,0
DA:108,0
DA:109,0
DA:110,0
DA:112,0
DA:114,0
DA:115,0
DA:116,0
DA:129,0
DA:130,0
DA:132,0
DA:133,0
DA:134,0
DA:135,0
DA:140,0
DA:154,0
DA:155,0
DA:156,0
DA:157,0
DA:161,0
DA:174,0
DA:176,0
DA:177,0
DA:178,0
DA:179,0
DA:184,0
DA:195,0
DA:197,0
DA:198,0
DA:199,0
DA:203,0
DA:215,0
DA:225,0
DA:226,0
DA:238,0
DA:250,0
DA:251,0
DA:252,0
DA:253,0
DA:256,0
DA:257,0
DA:258,0
DA:271,0
DA:282,0
DA:283,0
DA:284,0
DA:286,0
DA:287,0
DA:288,0
DA:289,0
DA:290,0
DA:292,0
DA:296,0
DA:314,0
DA:316,0
DA:329,0
DA:338,0
DA:340,0
DA:341,0
DA:342,0
DA:346,0
DA:355,0
DA:364,0
DA:366,0
DA:367,0
DA:368,0
DA:372,0
LF:89
LH:0
BRDA:16,0,0,0
BRDA:16,1,0,0
BRDA:49,2,0,0
BRDA:49,2,1,0
BRDA:58,3,0,0
BRDA:58,3,1,0
BRDA:112,4,0,0
BRDA:112,4,1,0
BRDA:134,5,0,0
BRDA:134,5,1,0
BRDA:156,6,0,0
BRDA:156,6,1,0
BRDA:178,7,0,0
BRDA:178,7,1,0
BRDA:287,8,0,0
BRDA:287,8,1,0
BRDA:289,9,0,0
BRDA:289,9,1,0
BRF:18
BRH:0
end_of_record
TN:
SF:src\data-structures\HistoryLinkedList.js
FN:10,(anonymous_0)
FN:23,(anonymous_1)
FN:34,(anonymous_2)
FN:56,(anonymous_3)
FN:78,(anonymous_4)
FN:102,(anonymous_5)
FN:127,(anonymous_6)
FN:147,(anonymous_7)
FN:148,(anonymous_8)
FN:157,(anonymous_9)
FN:158,(anonymous_10)
FN:168,(anonymous_11)
FN:172,(anonymous_12)
FN:184,(anonymous_13)
FN:203,(anonymous_14)
FN:222,(anonymous_15)
FN:231,(anonymous_16)
FN:239,(anonymous_17)
FN:250,(anonymous_18)
FNF:19
FNH:0
FNDA:0,(anonymous_0)
FNDA:0,(anonymous_1)
FNDA:0,(anonymous_2)
FNDA:0,(anonymous_3)
FNDA:0,(anonymous_4)
FNDA:0,(anonymous_5)
FNDA:0,(anonymous_6)
FNDA:0,(anonymous_7)
FNDA:0,(anonymous_8)
FNDA:0,(anonymous_9)
FNDA:0,(anonymous_10)
FNDA:0,(anonymous_11)
FNDA:0,(anonymous_12)
FNDA:0,(anonymous_13)
FNDA:0,(anonymous_14)
FNDA:0,(anonymous_15)
FNDA:0,(anonymous_16)
FNDA:0,(anonymous_17)
FNDA:0,(anonymous_18)
DA:11,0
DA:12,0
DA:13,0
DA:24,0
DA:25,0
DA:26,0
DA:35,0
DA:37,0
DA:39,0
DA:40,0
DA:43,0
DA:44,0
DA:45,0
DA:48,0
DA:57,0
DA:59,0
DA:61,0
DA:62,0
DA:65,0
DA:66,0
DA:67,0
DA:70,0
DA:79,0
DA:81,0
DA:83,0
DA:85,0
DA:86,0
DA:89,0
DA:90,0
DA:93,0
DA:94,0
DA:103,0
DA:105,0
DA:107,0
DA:109,0
DA:110,0
DA:113,0
DA:114,0
DA:117,0
DA:118,0
DA:128,0
DA:129,0
DA:130,0
DA:132,0
DA:133,0
DA:134,0
DA:135,0
DA:138,0
DA:148,0
DA:158,0
DA:169,0
DA:170,0
DA:172,0
DA:173,0
DA:174,0
DA:185,0
DA:187,0
DA:188,0
DA:189,0
DA:191,0
DA:194,0
DA:204,0
DA:205,0
DA:207,0
DA:208,0
DA:209,0
DA:211,0
DA:214,0
DA:223,0
DA:232,0
DA:240,0
DA:241,0
DA:242,0
DA:251,0
DA:252,0
DA:254,0
DA:255,0
DA:256,0
DA:259,0
LF:79
LH:0
BRDA:37,0,0,0
BRDA:37,0,1,0
BRDA:59,1,0,0
BRDA:59,1,1,0
BRDA:79,2,0,0
BRDA:79,2,1,0
BRDA:83,3,0,0
BRDA:83,3,1,0
BRDA:103,4,0,0
BRDA:103,4,1,0
BRDA:107,5,0,0
BRDA:107,5,1,0
BRDA:132,6,0,0
BRDA:132,6,1,0
BRDA:174,7,0,0
BRDA:174,7,1,0
BRDA:188,8,0,0
BRDA:188,8,1,0
BRDA:208,9,0,0
BRDA:208,9,1,0
BRF:20
BRH:0
end_of_record
TN:
SF:src\data-structures\MinHeap.js
FN:7,(anonymous_0)
FN:18,(anonymous_1)
FN:30,(anonymous_2)
FN:48,(anonymous_3)
FN:60,(anonymous_4)
FN:65,(anonymous_5)
FN:79,(anonymous_6)
FN:84,(anonymous_7)
FN:103,(anonymous_8)
FN:104,(anonymous_9)
FN:129,(anonymous_10)
FN:130,(anonymous_11)
FN:150,(anonymous_12)
FN:172,(anonymous_13)
FN:201,(anonymous_14)
FN:213,(anonymous_15)
FN:219,(anonymous_16)
FN:223,(anonymous_17)
FN:227,(anonymous_18)
FN:231,(anonymous_19)
FNF:20
FNH:0
FNDA:0,(anonymous_0)
FNDA:0,(anonymous_1)
FNDA:0,(anonymous_2)
FNDA:0,(anonymous_3)
FNDA:0,(anonymous_4)
FNDA:0,(anonymous_5)
FNDA:0,(anonymous_6)
FNDA:0,(anonymous_7)
FNDA:0,(anonymous_8)
FNDA:0,(anonymous_9)
FNDA:0,(anonymous_10)
FNDA:0,(anonymous_11)
FNDA:0,(anonymous_12)
FNDA:0,(anonymous_13)
FNDA:0,(anonymous_14)
FNDA:0,(anonymous_15)
FNDA:0,(anonymous_16)
FNDA:0,(anonymous_17)
FNDA:0,(anonymous_18)
FNDA:0,(anonymous_19)
DA:8,0
DA:19,0
DA:20,0
DA:31,0
DA:32,0
DA:34,0
DA:35,0
DA:36,0
DA:38,0
DA:49,0
DA:61,0
DA:62,0
DA:63,0
DA:65,0
DA:66,0
DA:67,0
DA:80,0
DA:81,0
DA:84,0
DA:87,0
DA:88,0
DA:89,0
DA:92,0
DA:104,0
DA:105,0
DA:108,0
DA:109,0
DA:112,0
DA:113,0
DA:114,0
DA:117,0
DA:130,0
DA:131,0
DA:133,0
DA:136,0
DA:137,0
DA:139,0
DA:151,0
DA:152,0
DA:155,0
DA:156,0
DA:159,0
DA:160,0
DA:173,0
DA:175,0
DA:176,0
DA:177,0
DA:178,0
DA:181,0
DA:182,0
DA:185,0
DA:186,0
DA:190,0
DA:192,0
DA:193,0
DA:202,0
DA:214,0
DA:215,0
DA:216,0
DA:220,0
DA:224,0
DA:228,0
DA:232,0
LF:63
LH:0
BRDA:31,0,0,0
BRDA:31,0,1,0
BRDA:32,1,0,0
BRDA:32,1,1,0
BRDA:49,2,0,0
BRDA:49,2,1,0
BRDA:67,3,0,0
BRDA:67,3,1,0
BRDA:87,4,0,0
BRDA:87,4,1,0
BRDA:89,5,0,0
BRDA:89,5,1,0
BRDA:105,6,0,0
BRDA:105,6,1,0
BRDA:112,7,0,0
BRDA:112,7,1,0
BRDA:131,8,0,0
BRDA:131,8,1,0
BRDA:155,9,0,0
BRDA:155,9,1,0
BRDA:181,10,0,0
BRDA:181,10,1,0
BRDA:181,11,0,0
BRDA:181,11,1,0
BRDA:185,12,0,0
BRDA:185,12,1,0
BRDA:185,13,0,0
BRDA:185,13,1,0
BRDA:190,14,0,0
BRDA:190,14,1,0
BRF:30
BRH:0
end_of_record
TN:
SF:src\services\MedicineService.js
FN:12,(anonymous_0)
FN:22,(anonymous_1)
FN:31,(anonymous_2)
FN:51,(anonymous_3)
FN:158,(anonymous_4)
FN:184,(anonymous_5)
FN:188,(anonymous_6)
FN:194,(anonymous_7)
FN:195,(anonymous_8)
FN:196,(anonymous_9)
FN:197,(anonymous_10)
FN:211,(anonymous_11)
FN:237,(anonymous_12)
FN:288,(anonymous_13)
FN:335,(anonymous_14)
FN:342,(anonymous_15)
FN:349,(anonymous_16)
FN:356,(anonymous_17)
FN:363,(anonymous_18)
FN:370,(anonymous_19)
FNF:20
FNH:0
FNDA:0,(anonymous_0)
FNDA:0,(anonymous_1)
FNDA:0,(anonymous_2)
FNDA:0,(anonymous_3)
FNDA:0,(anonymous_4)
FNDA:0,(anonymous_5)
FNDA:0,(anonymous_6)
FNDA:0,(anonymous_7)
FNDA:0,(anonymous_8)
FNDA:0,(anonymous_9)
FNDA:0,(anonymous_10)
FNDA:0,(anonymous_11)
FNDA:0,(anonymous_12)
FNDA:0,(anonymous_13)
FNDA:0,(anonymous_14)
FNDA:0,(anonymous_15)
FNDA:0,(anonymous_16)
FNDA:0,(anonymous_17)
FNDA:0,(anonymous_18)
FNDA:0,(anonymous_19)
DA:13,0
DA:14,0
DA:15,0
DA:23,0
DA:24,0
DA:28,0
DA:29,0
DA:31,0
DA:32,0
DA:36,0
DA:37,0
DA:40,0
DA:41,0
DA:43,0
DA:52,0
DA:54,0
DA:55,0
DA:57,0
DA:58,0
DA:60,0
DA:68,0
DA:93,0
DA:94,0
DA:97,0
DA:115,0
DA:116,0
DA:119,0
DA:121,0
DA:122,0
DA:123,0
DA:124,0
DA:126,0
DA:145,0
DA:146,0
DA:148,0
DA:149,0
DA:151,0
DA:159,0
DA:161,0
DA:163,0
DA:168,0
DA:170,0
DA:171,0
DA:172,0
DA:176,0
DA:177,0
DA:185,0
DA:188,0
DA:189,0
DA:193,0
DA:194,0
DA:195,0
DA:196,0
DA:197,0
DA:200,0
DA:212,0
DA:214,0
DA:215,0
DA:217,0
DA:218,0
DA:219,0
DA:223,0
DA:227,0
DA:234,0
DA:235,0
DA:237,0
DA:238,0
DA:239,0
DA:240,0
DA:243,0
DA:244,0
DA:245,0
DA:247,0
DA:253,0
DA:254,0
DA:257,0
DA:274,0
DA:275,0
DA:277,0
DA:278,0
DA:280,0
DA:289,0
DA:291,0
DA:292,0
DA:294,0
DA:295,0
DA:296,0
DA:300,0
DA:303,0
DA:304,0
DA:307,0
DA:322,0
DA:323,0
DA:325,0
DA:326,0
DA:328,0
DA:336,0
DA:343,0
DA:350,0
DA:357,0
DA:364,0
DA:371,0
DA:373,0
DA:374,0
DA:376,0
DA:377,0
DA:378,0
DA:381,0
DA:382,0
DA:385,0
DA:388,0
DA:394,0
DA:395,0
DA:396,0
DA:399,0
DA:418,0
DA:419,0
DA:437,0
DA:438,0
DA:440,0
DA:441,0
DA:443,0
LF:122
LH:0
BRDA:51,0,0,0
BRDA:80,1,0,0
BRDA:80,1,1,0
BRDA:115,2,0,0
BRDA:115,2,1,0
BRDA:122,3,0,0
BRDA:122,3,1,0
BRDA:123,4,0,0
BRDA:123,4,1,0
BRDA:124,5,0,0
BRDA:124,5,1,0
BRDA:161,6,0,0
BRDA:161,6,1,0
BRDA:168,7,0,0
BRDA:168,7,1,0
BRDA:211,8,0,0
BRDA:218,9,0,0
BRDA:218,9,1,0
BRDA:223,10,0,0
BRDA:223,10,1,0
BRDA:288,11,0,0
BRDA:295,12,0,0
BRDA:295,12,1,0
BRDA:356,13,0,0
BRDA:370,14,0,0
BRDA:370,15,0,0
BRDA:377,16,0,0
BRDA:377,16,1,0
BRDA:381,17,0,0
BRDA:381,17,1,0
BRDA:418,18,0,0
BRDA:418,18,1,0
BRF:32
BRH:0
end_of_record
TN:
SF:src\utils\StatusCalculator.js
FN:33,(anonymous_0)
FN:77,(anonymous_1)
FN:115,(anonymous_2)
FN:140,(anonymous_3)
FN:176,(anonymous_4)
FNF:5
FNH:0
FNDA:0,(anonymous_0)
FNDA:0,(anonymous_1)
FNDA:0,(anonymous_2)
FNDA:0,(anonymous_3)
FNDA:0,(anonymous_4)
DA:34,0
DA:37,0
DA:38,0
DA:42,0
DA:43,0
DA:47,0
DA:48,0
DA:52,0
DA:79,0
DA:80,0
DA:82,0
DA:83,0
DA:86,0
DA:87,0
DA:88,0
DA:90,0
DA:116,0
DA:117,0
DA:142,0
DA:143,0
DA:147,0
DA:148,0
DA:152,0
DA:177,0
DA:178,0
DA:181,0
DA:182,0
DA:183,0
DA:186,0
DA:190,0
LF:30
LH:0
BRDA:33,0,0,0
BRDA:37,1,0,0
BRDA:37,1,1,0
BRDA:42,2,0,0
BRDA:42,2,1,0
BRDA:42,3,0,0
BRDA:42,3,1,0
BRDA:47,4,0,0
BRDA:47,4,1,0
BRDA:47,5,0,0
BRDA:47,5,1,0
BRDA:77,6,0,0
BRDA:115,7,0,0
BRDA:142,8,0,0
BRDA:142,8,1,0
BRDA:147,9,0,0
BRDA:147,9,1,0
BRDA:147,10,0,0
BRDA:147,10,1,0
BRF:19
BRH:0
end_of_record
